TN:
SF:src\App.tsx
FN:12,App
FN:13,(anonymous_1)
FN:14,(anonymous_2)
FN:15,(anonymous_3)
FN:17,(anonymous_4)
FN:30,(anonymous_5)
FN:37,(anonymous_6)
FNF:7
FNH:0
FNDA:0,App
FNDA:0,(anonymous_1)
FNDA:0,(anonymous_2)
FNDA:0,(anonymous_3)
FNDA:0,(anonymous_4)
FNDA:0,(anonymous_5)
FNDA:0,(anonymous_6)
DA:13,0
DA:14,0
DA:15,0
DA:17,0
DA:18,0
DA:21,0
DA:31,0
DA:37,0
LF:8
LH:0
BRDA:43,0,0,0
BRDA:43,0,1,0
BRF:2
BRH:0
end_of_record
TN:
SF:src\main.tsx
FNF:0
FNH:0
DA:10,0
LF:1
LH:0
BRF:0
BRH:0
end_of_record
TN:
SF:src\components\UiExample\FaqsExample\FaqsOne.tsx
FN:27,FaqsOne
FN:31,(anonymous_1)
FN:36,(anonymous_2)
FN:42,(anonymous_3)
FNF:4
FNH:0
FNDA:0,FaqsOne
FNDA:0,(anonymous_1)
FNDA:0,(anonymous_2)
FNDA:0,(anonymous_3)
DA:4,0
DA:29,0
DA:31,0
DA:32,0
DA:34,0
DA:37,0
DA:42,0
LF:7
LH:0
BRDA:32,0,0,0
BRDA:32,0,1,0
BRF:2
BRH:0
end_of_record
TN:
SF:src\components\UiExample\FaqsExample\FaqsThree.tsx
FN:1,FaqsThree
FNF:1
FNH:0
FNDA:0,FaqsThree
DA:2,0
LF:1
LH:0
BRF:0
BRH:0
end_of_record
TN:
SF:src\components\UiExample\FaqsExample\FaqsTwo.tsx
FN:42,FaqsTwo
FN:52,(anonymous_1)
FN:57,(anonymous_2)
FN:63,(anonymous_3)
FN:68,(anonymous_4)
FN:74,(anonymous_5)
FNF:6
FNH:0
FNDA:0,FaqsTwo
FNDA:0,(anonymous_1)
FNDA:0,(anonymous_2)
FNDA:0,(anonymous_3)
FNDA:0,(anonymous_4)
FNDA:0,(anonymous_5)
DA:4,0
DA:44,0
DA:47,0
DA:52,0
DA:53,0
DA:57,0
DA:58,0
DA:63,0
DA:68,0
DA:69,0
DA:74,0
DA:77,0
LF:12
LH:0
BRDA:53,0,0,0
BRDA:53,0,1,0
BRDA:58,1,0,0
BRDA:58,1,1,0
BRF:4
BRH:0
end_of_record
TN:
SF:src\components\UiExample\ModalExample\DefaultModal.tsx
FN:6,DefaultModal
FN:8,(anonymous_1)
FNF:2
FNH:0
FNDA:0,DefaultModal
FNDA:0,(anonymous_1)
DA:7,0
DA:8,0
DA:10,0
DA:11,0
DA:13,0
LF:5
LH:0
BRF:0
BRH:0
end_of_record
TN:
SF:src\components\UiExample\ModalExample\FormInModal.tsx
FN:8,FormInModal
FN:10,(anonymous_1)
FNF:2
FNH:0
FNDA:0,FormInModal
FNDA:0,(anonymous_1)
DA:9,0
DA:10,0
DA:12,0
DA:13,0
DA:15,0
LF:5
LH:0
BRF:0
BRH:0
end_of_record
TN:
SF:src\components\UiExample\ModalExample\FullScreenModal.tsx
FN:6,FullScreenModal
FN:12,(anonymous_1)
FNF:2
FNH:0
FNDA:0,FullScreenModal
FNDA:0,(anonymous_1)
DA:11,0
DA:12,0
DA:14,0
DA:15,0
DA:17,0
LF:5
LH:0
BRF:0
BRH:0
end_of_record
TN:
SF:src\components\UiExample\ModalExample\ModalBasedAlerts.tsx
FN:5,ModalBasedAlerts
FNF:1
FNH:0
FNDA:0,ModalBasedAlerts
DA:6,0
DA:7,0
DA:8,0
DA:9,0
DA:10,0
LF:5
LH:0
BRF:0
BRH:0
end_of_record
TN:
SF:src\components\UiExample\ModalExample\VerticallyCenteredModal.tsx
FN:6,VerticallyCenteredModal
FN:8,(anonymous_1)
FNF:2
FNH:0
FNDA:0,VerticallyCenteredModal
FNDA:0,(anonymous_1)
DA:7,0
DA:8,0
DA:10,0
DA:11,0
DA:13,0
LF:5
LH:0
BRF:0
BRH:0
end_of_record
TN:
SF:src\components\UiExample\ModalExample\index.tsx
FN:7,ModalExamples
FNF:1
FNH:0
FNDA:0,ModalExamples
DA:8,0
LF:1
LH:0
BRF:0
BRH:0
end_of_record
TN:
SF:src\components\UserProfile\UserAddressCard.tsx
FN:7,UserAddressCard
FN:9,(anonymous_1)
FNF:2
FNH:0
FNDA:0,UserAddressCard
FNDA:0,(anonymous_1)
DA:8,0
DA:9,0
DA:11,0
DA:12,0
DA:14,0
LF:5
LH:0
BRF:0
BRH:0
end_of_record
TN:
SF:src\components\UserProfile\UserInfoCard.tsx
FN:7,UserInfoCard
FN:9,(anonymous_1)
FNF:2
FNH:0
FNDA:0,UserInfoCard
FNDA:0,(anonymous_1)
DA:8,0
DA:9,0
DA:11,0
DA:12,0
DA:14,0
LF:5
LH:0
BRF:0
BRH:0
end_of_record
TN:
SF:src\components\UserProfile\UserMetaCard.tsx
FN:7,UserMetaCard
FN:9,(anonymous_1)
FNF:2
FNH:0
FNDA:0,UserMetaCard
FNDA:0,(anonymous_1)
DA:8,0
DA:9,0
DA:11,0
DA:12,0
DA:14,0
LF:5
LH:0
BRF:0
BRH:0
end_of_record
TN:
SF:src\components\analytics\AcquisitionChannelChart.tsx
FN:8,AcquisitionChannelChart
FN:99,(anonymous_1)
FN:105,toggleDropdown
FN:109,closeDropdown
FNF:4
FNH:0
FNDA:0,AcquisitionChannelChart
FNDA:0,(anonymous_1)
FNDA:0,toggleDropdown
FNDA:0,closeDropdown
DA:9,0
DA:27,0
DA:99,0
DA:103,0
DA:106,0
DA:110,0
DA:113,0
LF:7
LH:0
BRF:0
BRH:0
end_of_record
TN:
SF:src\components\analytics\ActiveUsersChart.tsx
FN:8,ActiveUsersChart
FN:121,toggleDropdown
FN:125,closeDropdown
FNF:3
FNH:0
FNDA:0,ActiveUsersChart
FNDA:0,toggleDropdown
FNDA:0,closeDropdown
DA:9,0
DA:112,0
DA:119,0
DA:122,0
DA:126,0
DA:128,0
LF:6
LH:0
BRF:0
BRH:0
end_of_record
TN:
SF:src\components\analytics\AnalyticsBarChart.tsx
FN:5,AnalyticsBarChart
FN:94,(anonymous_1)
FNF:2
FNH:0
FNDA:0,AnalyticsBarChart
FNDA:0,(anonymous_1)
DA:6,0
DA:94,0
DA:99,0
DA:109,0
LF:4
LH:0
BRF:0
BRH:0
end_of_record
TN:
SF:src\components\analytics\AnalyticsMetrics.tsx
FN:39,(anonymous_0)
FN:43,(anonymous_1)
FNF:2
FNH:0
FNDA:0,(anonymous_0)
FNDA:0,(anonymous_1)
DA:4,0
DA:39,0
DA:40,0
DA:44,0
LF:4
LH:0
BRDA:60,0,0,0
BRDA:60,0,1,0
BRDA:62,1,0,0
BRDA:62,1,1,0
BRF:4
BRH:0
end_of_record
TN:
SF:src\components\analytics\RecentOrderAnalytics.tsx
FN:80,RecentOrderAnalytics
FN:178,(anonymous_1)
FNF:2
FNH:0
FNDA:0,RecentOrderAnalytics
FNDA:0,(anonymous_1)
DA:21,0
DA:81,0
DA:179,0
LF:3
LH:0
BRF:0
BRH:0
end_of_record
TN:
SF:src\components\analytics\SessionChart.tsx
FN:8,SessionChart
FN:93,toggleDropdown
FN:97,closeDropdown
FNF:3
FNH:0
FNDA:0,SessionChart
FNDA:0,toggleDropdown
FNDA:0,closeDropdown
DA:9,0
DA:90,0
DA:91,0
DA:94,0
DA:98,0
DA:100,0
LF:6
LH:0
BRF:0
BRH:0
end_of_record
TN:
SF:src\components\analytics\TopChannel.tsx
FN:7,TopChannel
FN:10,toggleDropdown
FN:14,closeDropdown
FNF:3
FNH:0
FNDA:0,TopChannel
FNDA:0,toggleDropdown
FNDA:0,closeDropdown
DA:8,0
DA:11,0
DA:15,0
DA:17,0
LF:4
LH:0
BRF:0
BRH:0
end_of_record
TN:
SF:src\components\analytics\TopPages.tsx
FN:7,TopPages
FN:10,toggleDropdown
FN:14,closeDropdown
FNF:3
FNH:0
FNDA:0,TopPages
FNDA:0,toggleDropdown
FNDA:0,closeDropdown
DA:8,0
DA:11,0
DA:15,0
DA:17,0
DA:36,0
LF:5
LH:0
BRF:0
BRH:0
end_of_record
TN:
SF:src\components\auth\OtpForm.tsx
FN:5,OtpForm
FN:9,(anonymous_1)
FN:22,(anonymous_2)
FN:48,(anonymous_3)
FN:56,(anonymous_4)
FN:71,(anonymous_5)
FN:117,(anonymous_6)
FN:123,(anonymous_7)
FN:124,(anonymous_8)
FN:125,(anonymous_9)
FN:127,(anonymous_10)
FNF:11
FNH:0
FNDA:0,OtpForm
FNDA:0,(anonymous_1)
FNDA:0,(anonymous_2)
FNDA:0,(anonymous_3)
FNDA:0,(anonymous_4)
FNDA:0,(anonymous_5)
FNDA:0,(anonymous_6)
FNDA:0,(anonymous_7)
FNDA:0,(anonymous_8)
FNDA:0,(anonymous_9)
FNDA:0,(anonymous_10)
DA:6,0
DA:7,0
DA:9,0
DA:10,0
DA:11,0
DA:14,0
DA:17,0
DA:18,0
DA:22,0
DA:26,0
DA:27,0
DA:30,0
DA:31,0
DA:35,0
DA:36,0
DA:39,0
DA:40,0
DA:43,0
DA:44,0
DA:48,0
DA:49,0
DA:52,0
DA:55,0
DA:56,0
DA:57,0
DA:58,0
DA:62,0
DA:65,0
DA:66,0
DA:67,0
DA:71,0
DA:72,0
DA:74,0
DA:118,0
DA:123,0
DA:124,0
DA:125,0
DA:128,0
DA:129,0
LF:39
LH:0
BRDA:17,0,0,0
BRDA:17,0,1,0
BRDA:17,1,0,0
BRDA:17,1,1,0
BRDA:26,2,0,0
BRDA:26,2,1,0
BRDA:30,3,0,0
BRDA:30,3,1,0
BRDA:30,4,0,0
BRDA:30,4,1,0
BRDA:39,5,0,0
BRDA:39,5,1,0
BRDA:39,6,0,0
BRDA:39,6,1,0
BRDA:43,7,0,0
BRDA:43,7,1,0
BRDA:43,8,0,0
BRDA:43,8,1,0
BRDA:57,9,0,0
BRDA:57,9,1,0
BRDA:66,10,0,0
BRDA:66,10,1,0
BRDA:128,11,0,0
BRDA:128,11,1,0
BRF:24
BRH:0
end_of_record
TN:
SF:src\components\auth\ResetPasswordForm.tsx
FN:5,ResetPasswordForm
FNF:1
FNH:0
FNDA:0,ResetPasswordForm
DA:6,0
LF:1
LH:0
BRF:0
BRH:0
end_of_record
TN:
SF:src\components\auth\SignInForm.tsx
FN:9,SignInForm
FN:104,(anonymous_1)
FNF:2
FNH:0
FNDA:0,SignInForm
FNDA:0,(anonymous_1)
DA:10,0
DA:11,0
DA:12,0
DA:104,0
LF:4
LH:0
BRDA:100,0,0,0
BRDA:100,0,1,0
BRDA:107,1,0,0
BRDA:107,1,1,0
BRF:4
BRH:0
end_of_record
TN:
SF:src\components\auth\SignUpForm.tsx
FN:8,SignUpForm
FN:136,(anonymous_1)
FNF:2
FNH:0
FNDA:0,SignUpForm
FNDA:0,(anonymous_1)
DA:9,0
DA:10,0
DA:11,0
DA:136,0
LF:4
LH:0
BRDA:133,0,0,0
BRDA:133,0,1,0
BRDA:139,1,0,0
BRDA:139,1,1,0
BRF:4
BRH:0
end_of_record
TN:
SF:src\components\cards\card-with-icon\CardIconOne.tsx
FN:3,CardIconOne
FNF:1
FNH:0
FNDA:0,CardIconOne
DA:4,0
LF:1
LH:0
BRF:0
BRH:0
end_of_record
TN:
SF:src\components\cards\card-with-icon\CardIconTwo.tsx
FN:4,CardIconTwo
FNF:1
FNH:0
FNDA:0,CardIconTwo
DA:5,0
LF:1
LH:0
BRF:0
BRH:0
end_of_record
TN:
SF:src\components\cards\card-with-icon\CardWithIconExample.tsx
FN:4,CardWithIconExample
FNF:1
FNH:0
FNDA:0,CardWithIconExample
DA:5,0
LF:1
LH:0
BRF:0
BRH:0
end_of_record
TN:
SF:src\components\cards\card-with-image\CardOne.tsx
FN:4,CardOne
FNF:1
FNH:0
FNDA:0,CardOne
DA:5,0
LF:1
LH:0
BRF:0
BRH:0
end_of_record
TN:
SF:src\components\cards\card-with-image\CardThree.tsx
FN:4,CardThree
FNF:1
FNH:0
FNDA:0,CardThree
DA:5,0
LF:1
LH:0
BRF:0
BRH:0
end_of_record
TN:
SF:src\components\cards\card-with-image\CardTwo.tsx
FN:4,CardTwo
FNF:1
FNH:0
FNDA:0,CardTwo
DA:5,0
LF:1
LH:0
BRF:0
BRH:0
end_of_record
TN:
SF:src\components\cards\card-with-image\CardWithImage.tsx
FN:6,CardWithImage
FNF:1
FNH:0
FNDA:0,CardWithImage
DA:7,0
LF:1
LH:0
BRF:0
BRH:0
end_of_record
TN:
SF:src\components\cards\card-with-link\CardLinkOne.tsx
FN:4,CardLinkOne
FNF:1
FNH:0
FNDA:0,CardLinkOne
DA:5,0
LF:1
LH:0
BRF:0
BRH:0
end_of_record
TN:
SF:src\components\cards\card-with-link\CardLinkTwo.tsx
FN:4,CardLinkTwo
FNF:1
FNH:0
FNDA:0,CardLinkTwo
DA:5,0
LF:1
LH:0
BRF:0
BRH:0
end_of_record
TN:
SF:src\components\cards\card-with-link\CardWithLinkExample.tsx
FN:5,CardWithLinkExample
FNF:1
FNH:0
FNDA:0,CardWithLinkExample
DA:6,0
LF:1
LH:0
BRF:0
BRH:0
end_of_record
TN:
SF:src\components\cards\horizontal-card\CardFive.tsx
FN:4,CardFive
FNF:1
FNH:0
FNDA:0,CardFive
DA:5,0
LF:1
LH:0
BRF:0
BRH:0
end_of_record
TN:
SF:src\components\cards\horizontal-card\CardFour.tsx
FN:4,CardFour
FNF:1
FNH:0
FNDA:0,CardFour
DA:5,0
LF:1
LH:0
BRF:0
BRH:0
end_of_record
TN:
SF:src\components\cards\horizontal-card\HorizontalCardWithImage.tsx
FN:5,HorizontalCardWithImage
FNF:1
FNH:0
FNDA:0,HorizontalCardWithImage
DA:6,0
LF:1
LH:0
BRF:0
BRH:0
end_of_record
TN:
SF:src\components\charts\bar\BarChartOne.tsx
FN:4,BarChartOne
FN:80,(anonymous_1)
FNF:2
FNH:0
FNDA:0,BarChartOne
FNDA:0,(anonymous_1)
DA:5,0
DA:80,0
DA:84,0
DA:90,0
LF:4
LH:0
BRF:0
BRH:0
end_of_record
TN:
SF:src\components\charts\bar\BarChartTwo.tsx
FN:4,BarChartTwo
FN:95,(anonymous_1)
FNF:2
FNH:0
FNDA:0,BarChartTwo
FNDA:0,(anonymous_1)
DA:5,0
DA:23,0
DA:95,0
DA:100,0
LF:4
LH:0
BRF:0
BRH:0
end_of_record
TN:
SF:src\components\charts\line\LineChartOne.tsx
FN:4,LineChartOne
FNF:1
FNH:0
FNDA:0,LineChartOne
DA:5,0
DA:103,0
DA:113,0
LF:3
LH:0
BRF:0
BRH:0
end_of_record
TN:
SF:src\components\charts\line\LineChartThree.tsx
FN:4,LineChartThree
FNF:1
FNH:0
FNDA:0,LineChartThree
DA:5,0
DA:237,0
DA:310,0
DA:316,0
LF:4
LH:0
BRF:0
BRH:0
end_of_record
TN:
SF:src\components\charts\line\LineChartTwo.tsx
FN:4,LineChartTwo
FNF:1
FNH:0
FNDA:0,LineChartTwo
DA:5,0
DA:90,0
DA:100,0
LF:3
LH:0
BRF:0
BRH:0
end_of_record
TN:
SF:src\components\charts\line\PortfolioPerformance.tsx
FN:5,PortfolioPerformance
FNF:1
FNH:0
FNDA:0,PortfolioPerformance
DA:6,0
DA:238,0
DA:311,0
DA:317,0
LF:4
LH:0
BRF:0
BRH:0
end_of_record
TN:
SF:src\components\charts\pie\PieChartOne.tsx
FN:4,PieChartOne
FNF:1
FNH:0
FNDA:0,PieChartOne
DA:5,0
DA:84,0
DA:85,0
LF:3
LH:0
BRF:0
BRH:0
end_of_record
TN:
SF:src\components\charts\pie\PieChartTwo.tsx
FN:5,PieChartTwo
FN:11,(anonymous_1)
FN:43,(anonymous_2)
FNF:3
FNH:0
FNDA:0,PieChartTwo
FNDA:0,(anonymous_1)
FNDA:0,(anonymous_2)
DA:7,0
DA:10,0
DA:11,0
DA:43,0
DA:102,0
DA:103,0
LF:6
LH:0
BRDA:33,0,0,0
BRDA:33,0,1,0
BRDA:40,1,0,0
BRDA:40,1,1,0
BRDA:48,2,0,0
BRDA:48,2,1,0
BRF:6
BRH:0
end_of_record
TN:
SF:src\components\chats\ChatBox.tsx
FN:80,ChatBox
FN:86,(anonymous_1)
FNF:2
FNH:0
FNDA:0,ChatBox
FNDA:0,(anonymous_1)
DA:16,0
DA:81,0
DA:87,0
LF:3
LH:0
BRDA:90,0,0,0
BRDA:90,0,1,0
BRDA:93,1,0,0
BRDA:93,1,1,0
BRDA:103,2,0,0
BRDA:103,2,1,0
BRDA:104,3,0,0
BRDA:104,3,1,0
BRDA:116,4,0,0
BRDA:116,4,1,0
BRDA:119,5,0,0
BRDA:119,5,1,0
BRDA:124,6,0,0
BRDA:124,6,1,0
BRF:14
BRH:0
end_of_record
TN:
SF:src\components\chats\ChatBoxHeader.tsx
FN:6,ChatBoxHeader
FN:9,toggleDropdown
FN:13,closeDropdown
FNF:3
FNH:0
FNDA:0,ChatBoxHeader
FNDA:0,toggleDropdown
FNDA:0,closeDropdown
DA:7,0
DA:10,0
DA:14,0
DA:16,0
LF:4
LH:0
BRF:0
BRH:0
end_of_record
TN:
SF:src\components\chats\ChatBoxSendForm.tsx
FN:1,ChatBoxSendForm
FNF:1
FNH:0
FNDA:0,ChatBoxSendForm
DA:2,0
LF:1
LH:0
BRF:0
BRH:0
end_of_record
TN:
SF:src\components\chats\ChatHeader.tsx
FN:7,(anonymous_0)
FNF:1
FNH:0
FNDA:0,(anonymous_0)
DA:7,0
DA:8,0
LF:2
LH:0
BRF:0
BRH:0
end_of_record
TN:
SF:src\components\chats\ChatHeaderTitle.tsx
FN:6,ChatHeaderTitle
FN:9,toggleDropdown
FN:13,closeDropdown
FNF:3
FNH:0
FNDA:0,ChatHeaderTitle
FNDA:0,toggleDropdown
FNDA:0,closeDropdown
DA:7,0
DA:10,0
DA:14,0
DA:16,0
LF:4
LH:0
BRF:0
BRH:0
end_of_record
TN:
SF:src\components\chats\ChatList.tsx
FN:11,ChatList
FN:14,toggleDropdownTwo
FN:18,closeDropdownTwo
FNF:3
FNH:0
FNDA:0,ChatList
FNDA:0,toggleDropdownTwo
FNDA:0,closeDropdownTwo
DA:12,0
DA:15,0
DA:19,0
DA:21,0
LF:4
LH:0
BRDA:24,0,0,0
BRDA:24,0,1,0
BRF:2
BRH:0
end_of_record
TN:
SF:src\components\chats\ChatSidebar.tsx
FN:5,ChatSidebar
FN:7,(anonymous_1)
FNF:2
FNH:0
FNDA:0,ChatSidebar
FNDA:0,(anonymous_1)
DA:6,0
DA:7,0
DA:8,0
DA:10,0
LF:4
LH:0
BRDA:12,0,0,0
BRDA:12,0,1,0
BRF:2
BRH:0
end_of_record
TN:
SF:src\components\common\ChartTab.tsx
FN:3,(anonymous_0)
FN:8,(anonymous_1)
FN:16,(anonymous_2)
FN:25,(anonymous_3)
FN:34,(anonymous_4)
FNF:5
FNH:0
FNDA:0,(anonymous_0)
FNDA:0,(anonymous_1)
FNDA:0,(anonymous_2)
FNDA:0,(anonymous_3)
FNDA:0,(anonymous_4)
DA:3,0
DA:4,0
DA:8,0
DA:9,0
DA:13,0
DA:16,0
DA:25,0
DA:34,0
LF:8
LH:0
BRDA:9,0,0,0
BRDA:9,0,1,0
BRF:2
BRH:0
end_of_record
TN:
SF:src\components\common\ComponentCard.tsx
FN:8,(anonymous_0)
FNF:1
FNH:0
FNDA:0,(anonymous_0)
DA:8,0
DA:14,0
LF:2
LH:0
BRDA:11,0,0,0
BRDA:12,1,0,0
BRDA:23,2,0,0
BRDA:23,2,1,0
BRF:4
BRH:0
end_of_record
TN:
SF:src\components\common\CountdownTimer.tsx
FN:7,(anonymous_0)
FN:15,(anonymous_1)
FN:16,(anonymous_2)
FN:32,(anonymous_3)
FN:35,(anonymous_4)
FNF:5
FNH:0
FNDA:0,(anonymous_0)
FNDA:0,(anonymous_1)
FNDA:0,(anonymous_2)
FNDA:0,(anonymous_3)
FNDA:0,(anonymous_4)
DA:7,0
DA:8,0
DA:15,0
DA:16,0
DA:17,0
DA:18,0
DA:20,0
DA:21,0
DA:22,0
DA:23,0
DA:24,0
DA:26,0
DA:28,0
DA:32,0
DA:35,0
DA:36,0
DA:39,0
LF:17
LH:0
BRDA:20,0,0,0
BRDA:20,0,1,0
BRDA:63,1,0,0
BRDA:63,1,1,0
BRF:4
BRH:0
end_of_record
TN:
SF:src\components\common\GridShape.tsx
FN:1,GridShape
FNF:1
FNH:0
FNDA:0,GridShape
DA:2,0
LF:1
LH:0
BRF:0
BRH:0
end_of_record
TN:
SF:src\components\common\Logo.tsx
FN:3,(anonymous_0)
FNF:1
FNH:0
FNDA:0,(anonymous_0)
DA:3,0
DA:4,0
LF:2
LH:0
BRF:0
BRH:0
end_of_record
TN:
SF:src\components\common\PageBreadCrumb.tsx
FN:7,(anonymous_0)
FNF:1
FNH:0
FNDA:0,(anonymous_0)
DA:7,0
DA:8,0
LF:2
LH:0
BRF:0
BRH:0
end_of_record
TN:
SF:src\components\common\PageMeta.tsx
FN:3,(anonymous_0)
FN:16,(anonymous_1)
FNF:2
FNH:0
FNDA:0,(anonymous_0)
FNDA:0,(anonymous_1)
DA:3,0
DA:10,0
DA:16,0
DA:17,0
LF:4
LH:0
BRF:0
BRH:0
end_of_record
TN:
SF:src\components\common\ScrollToTop.tsx
FN:4,ScrollToTop
FN:7,(anonymous_1)
FNF:2
FNH:0
FNDA:0,ScrollToTop
FNDA:0,(anonymous_1)
DA:5,0
DA:7,0
DA:8,0
DA:15,0
LF:4
LH:0
BRF:0
BRH:0
end_of_record
TN:
SF:src\components\common\TableDropdown.tsx
FN:10,(anonymous_0)
FN:19,(anonymous_1)
FN:29,(anonymous_2)
FN:36,(anonymous_3)
FN:57,(anonymous_4)
FNF:5
FNH:0
FNDA:0,(anonymous_0)
FNDA:0,(anonymous_1)
FNDA:0,(anonymous_2)
FNDA:0,(anonymous_3)
FNDA:0,(anonymous_4)
DA:10,0
DA:14,0
DA:15,0
DA:16,0
DA:17,0
DA:19,0
DA:20,0
DA:21,0
DA:22,0
DA:23,0
DA:24,0
DA:29,0
DA:30,0
DA:31,0
DA:32,0
DA:36,0
DA:37,0
DA:39,0
DA:40,0
DA:57,0
DA:58,0
DA:59,0
DA:60,0
DA:61,0
DA:66,0
LF:25
LH:0
BRDA:21,0,0,0
BRDA:21,0,1,0
BRDA:21,1,0,0
BRDA:21,1,1,0
BRDA:23,2,0,0
BRDA:23,2,1,0
BRDA:23,3,0,0
BRDA:23,3,1,0
BRDA:31,4,0,0
BRDA:31,4,1,0
BRDA:39,5,0,0
BRDA:39,5,1,0
BRDA:39,6,0,0
BRDA:39,6,1,0
BRDA:59,7,0,0
BRDA:59,7,1,0
BRDA:73,8,0,0
BRDA:73,8,1,0
BRF:18
BRH:0
end_of_record
TN:
SF:src\components\common\ThemeToggleButton.tsx
FN:3,(anonymous_0)
FNF:1
FNH:0
FNDA:0,(anonymous_0)
DA:3,0
DA:4,0
DA:6,0
LF:3
LH:0
BRF:0
BRH:0
end_of_record
TN:
SF:src\components\common\ThemeTogglerTwo.tsx
FN:3,ThemeTogglerTwo
FNF:1
FNH:0
FNDA:0,ThemeTogglerTwo
DA:4,0
DA:5,0
LF:2
LH:0
BRF:0
BRH:0
end_of_record
TN:
SF:src\components\crm\CrmMetrics.tsx
FN:30,CrmMetrics
FN:34,(anonymous_1)
FNF:2
FNH:0
FNDA:0,CrmMetrics
FNDA:0,(anonymous_1)
DA:3,0
DA:31,0
DA:35,0
LF:3
LH:0
BRDA:54,0,0,0
BRDA:54,0,1,0
BRDA:56,1,0,0
BRDA:56,1,1,0
BRF:4
BRH:0
end_of_record
TN:
SF:src\components\crm\CrmRecentOrderTable.tsx
FN:141,CrmRecentOrderTable
FN:145,(anonymous_1)
FN:148,(anonymous_2)
FN:154,(anonymous_3)
FN:155,(anonymous_4)
FN:157,(anonymous_5)
FN:251,(anonymous_6)
FN:258,(anonymous_7)
FNF:8
FNH:0
FNDA:0,CrmRecentOrderTable
FNDA:0,(anonymous_1)
FNDA:0,(anonymous_2)
FNDA:0,(anonymous_3)
FNDA:0,(anonymous_4)
FNDA:0,(anonymous_5)
FNDA:0,(anonymous_6)
FNDA:0,(anonymous_7)
DA:38,0
DA:142,0
DA:143,0
DA:145,0
DA:146,0
DA:147,0
DA:148,0
DA:150,0
DA:154,0
DA:155,0
DA:156,0
DA:157,0
DA:161,0
DA:252,0
DA:258,0
LF:15
LH:0
BRDA:147,0,0,0
BRDA:147,0,1,0
BRDA:156,1,0,0
BRDA:156,1,1,0
BRDA:300,2,0,0
BRDA:300,2,1,0
BRDA:302,3,0,0
BRDA:302,3,1,0
BRDA:312,4,0,0
BRDA:312,4,1,0
BRF:10
BRH:0
end_of_record
TN:
SF:src\components\crm\CrmStatisticsChart.tsx
FN:5,CrmStatisticsChart
FNF:1
FNH:0
FNDA:0,CrmStatisticsChart
DA:6,0
DA:114,0
DA:124,0
LF:3
LH:0
BRF:0
BRH:0
end_of_record
TN:
SF:src\components\crm\EstimatedRevenue.tsx
FN:8,EstimatedRevenue
FN:11,toggleDropdown
FN:15,closeDropdown
FN:50,(anonymous_3)
FNF:4
FNH:0
FNDA:0,EstimatedRevenue
FNDA:0,toggleDropdown
FNDA:0,closeDropdown
FNDA:0,(anonymous_3)
DA:9,0
DA:12,0
DA:16,0
DA:19,0
DA:51,0
DA:66,0
DA:67,0
LF:7
LH:0
BRF:0
BRH:0
end_of_record
TN:
SF:src\components\crm\SalePieChart.tsx
FN:8,SalePieChart
FN:37,(anonymous_1)
FN:44,(anonymous_2)
FN:107,toggleDropdown
FN:111,closeDropdown
FNF:5
FNH:0
FNDA:0,SalePieChart
FNDA:0,(anonymous_1)
FNDA:0,(anonymous_2)
FNDA:0,toggleDropdown
FNDA:0,closeDropdown
DA:10,0
DA:37,0
DA:44,0
DA:104,0
DA:105,0
DA:108,0
DA:112,0
DA:115,0
LF:8
LH:0
BRF:0
BRH:0
end_of_record
TN:
SF:src\components\crm\UpcomingSchedule.tsx
FN:7,UpcomingSchedule
FN:15,(anonymous_1)
FN:16,(anonymous_2)
FN:24,toggleDropdown
FN:28,closeDropdown
FN:73,(anonymous_5)
FN:102,(anonymous_6)
FN:131,(anonymous_7)
FNF:8
FNH:0
FNDA:0,UpcomingSchedule
FNDA:0,(anonymous_1)
FNDA:0,(anonymous_2)
FNDA:0,toggleDropdown
FNDA:0,closeDropdown
FNDA:0,(anonymous_5)
FNDA:0,(anonymous_6)
FNDA:0,(anonymous_7)
DA:9,0
DA:15,0
DA:16,0
DA:22,0
DA:25,0
DA:29,0
DA:31,0
DA:73,0
DA:102,0
DA:131,0
LF:10
LH:0
BRF:0
BRH:0
end_of_record
TN:
SF:src\components\ecommerce\CountryMap.tsx
FN:4,CountryMap
FNF:1
FNH:0
FNDA:0,CountryMap
DA:5,0
LF:1
LH:0
BRF:0
BRH:0
end_of_record
TN:
SF:src\components\ecommerce\DemographicCard.tsx
FN:7,DemographicCard
FN:10,toggleDropdown
FN:14,closeDropdown
FNF:3
FNH:0
FNDA:0,DemographicCard
FNDA:0,toggleDropdown
FNDA:0,closeDropdown
DA:8,0
DA:11,0
DA:15,0
DA:18,0
LF:4
LH:0
BRF:0
BRH:0
end_of_record
TN:
SF:src\components\ecommerce\EcommerceMetrics.tsx
FN:9,EcommerceMetrics
FNF:1
FNH:0
FNDA:0,EcommerceMetrics
DA:10,0
LF:1
LH:0
BRF:0
BRH:0
end_of_record
TN:
SF:src\components\ecommerce\MonthlySalesChart.tsx
FN:8,MonthlySalesChart
FN:84,(anonymous_1)
FN:96,toggleDropdown
FN:100,closeDropdown
FNF:4
FNH:0
FNDA:0,MonthlySalesChart
FNDA:0,(anonymous_1)
FNDA:0,toggleDropdown
FNDA:0,closeDropdown
DA:9,0
DA:84,0
DA:88,0
DA:94,0
DA:97,0
DA:101,0
DA:103,0
LF:7
LH:0
BRF:0
BRH:0
end_of_record
TN:
SF:src\components\ecommerce\MonthlyTarget.tsx
FN:8,MonthlyTarget
FN:41,(anonymous_1)
FN:59,toggleDropdown
FN:63,closeDropdown
FNF:4
FNH:0
FNDA:0,MonthlyTarget
FNDA:0,(anonymous_1)
FNDA:0,toggleDropdown
FNDA:0,closeDropdown
DA:9,0
DA:10,0
DA:42,0
DA:57,0
DA:60,0
DA:64,0
DA:66,0
LF:7
LH:0
BRF:0
BRH:0
end_of_record
TN:
SF:src\components\ecommerce\RecentOrders.tsx
FN:71,RecentOrders
FN:160,(anonymous_1)
FNF:2
FNH:0
FNDA:0,RecentOrders
FNDA:0,(anonymous_1)
DA:23,0
DA:72,0
DA:161,0
LF:3
LH:0
BRDA:191,0,0,0
BRDA:191,0,1,0
BRDA:193,1,0,0
BRDA:193,1,1,0
BRF:4
BRH:0
end_of_record
TN:
SF:src\components\ecommerce\StatisticsChart.tsx
FN:5,StatisticsChart
FNF:1
FNH:0
FNDA:0,StatisticsChart
DA:6,0
DA:104,0
DA:114,0
LF:3
LH:0
BRF:0
BRH:0
end_of_record
TN:
SF:src\components\email\EmailDetails\EmailDetailsBottom.tsx
FN:1,EmailDetailsBottom
FNF:1
FNH:0
FNDA:0,EmailDetailsBottom
DA:2,0
LF:1
LH:0
BRF:0
BRH:0
end_of_record
TN:
SF:src\components\email\EmailDetails\EmailDetailsHeader.tsx
FN:1,EmailDetailsHeader
FNF:1
FNH:0
FNDA:0,EmailDetailsHeader
DA:2,0
LF:1
LH:0
BRF:0
BRH:0
end_of_record
TN:
SF:src\components\email\EmailDetails\EmailWrapper.tsx
FN:5,EmailWrapper
FNF:1
FNH:0
FNDA:0,EmailWrapper
DA:6,0
LF:1
LH:0
BRF:0
BRH:0
end_of_record
TN:
SF:src\components\email\EmailInbox\EmailContent.tsx
FN:98,EmailContent
FN:106,(anonymous_1)
FN:112,(anonymous_2)
FN:117,(anonymous_3)
FN:128,(anonymous_4)
FN:138,(anonymous_5)
FN:144,(anonymous_6)
FNF:7
FNH:0
FNDA:0,EmailContent
FNDA:0,(anonymous_1)
FNDA:0,(anonymous_2)
FNDA:0,(anonymous_3)
FNDA:0,(anonymous_4)
FNDA:0,(anonymous_5)
FNDA:0,(anonymous_6)
DA:14,0
DA:99,0
DA:102,0
DA:106,0
DA:107,0
DA:108,0
DA:109,0
DA:112,0
DA:113,0
DA:114,0
DA:115,0
DA:117,0
DA:118,0
DA:121,0
DA:123,0
DA:129,0
DA:138,0
DA:144,0
LF:18
LH:0
BRDA:146,0,0,0
BRDA:146,0,1,0
BRDA:183,1,0,0
BRDA:183,1,1,0
BRDA:186,2,0,0
BRDA:186,2,1,0
BRDA:188,3,0,0
BRDA:188,3,1,0
BRF:8
BRH:0
end_of_record
TN:
SF:src\components\email\EmailInbox\EmailHeader.tsx
FN:12,EmailHeader
FN:18,toggleDropdown
FN:22,closeDropdown
FN:28,toggleDropdownTwo
FN:32,closeDropdownTwo
FNF:5
FNH:0
FNDA:0,EmailHeader
FNDA:0,toggleDropdown
FNDA:0,closeDropdown
FNDA:0,toggleDropdownTwo
FNDA:0,closeDropdownTwo
DA:16,0
DA:19,0
DA:23,0
DA:26,0
DA:29,0
DA:33,0
DA:36,0
LF:7
LH:0
BRDA:45,0,0,0
BRDA:45,0,1,0
BRF:2
BRH:0
end_of_record
TN:
SF:src\components\email\EmailInbox\EmailPagination.tsx
FN:1,EmailPagination
FNF:1
FNH:0
FNDA:0,EmailPagination
DA:2,0
LF:1
LH:0
BRF:0
BRH:0
end_of_record
TN:
SF:src\components\email\EmailSidebar\EmailSidebar.tsx
FN:6,EmailSidebar
FNF:1
FNH:0
FNDA:0,EmailSidebar
DA:7,0
LF:1
LH:0
BRF:0
BRH:0
end_of_record
TN:
SF:src\components\email\EmailSidebar\FilterList.tsx
FN:3,FilterList
FN:12,(anonymous_1)
FN:15,(anonymous_2)
FN:35,(anonymous_3)
FN:52,(anonymous_4)
FNF:5
FNH:0
FNDA:0,FilterList
FNDA:0,(anonymous_1)
FNDA:0,(anonymous_2)
FNDA:0,(anonymous_3)
FNDA:0,(anonymous_4)
DA:4,0
DA:6,0
DA:10,0
DA:13,0
DA:15,0
DA:35,0
DA:36,0
DA:52,0
DA:53,0
LF:9
LH:0
BRDA:18,0,0,0
BRDA:18,0,1,0
BRF:2
BRH:0
end_of_record
TN:
SF:src\components\email\EmailSidebar\LabelList.tsx
FN:3,LabelList
FN:15,(anonymous_1)
FN:18,(anonymous_2)
FN:39,(anonymous_3)
FN:54,(anonymous_4)
FN:69,(anonymous_5)
FN:84,(anonymous_6)
FN:99,(anonymous_7)
FNF:8
FNH:0
FNDA:0,LabelList
FNDA:0,(anonymous_1)
FNDA:0,(anonymous_2)
FNDA:0,(anonymous_3)
FNDA:0,(anonymous_4)
FNDA:0,(anonymous_5)
FNDA:0,(anonymous_6)
FNDA:0,(anonymous_7)
DA:4,0
DA:6,0
DA:13,0
DA:16,0
DA:18,0
DA:39,0
DA:40,0
DA:54,0
DA:55,0
DA:69,0
DA:70,0
DA:84,0
DA:85,0
DA:99,0
DA:100,0
LF:15
LH:0
BRDA:21,0,0,0
BRDA:21,0,1,0
BRDA:31,1,0,0
BRDA:31,1,1,0
BRF:4
BRH:0
end_of_record
TN:
SF:src\components\email\EmailSidebar\MailBox.tsx
FN:3,MailBox
FN:16,(anonymous_1)
FN:19,(anonymous_2)
FN:40,(anonymous_3)
FN:56,(anonymous_4)
FN:72,(anonymous_5)
FN:88,(anonymous_6)
FN:104,(anonymous_7)
FN:120,(anonymous_8)
FNF:9
FNH:0
FNDA:0,MailBox
FNDA:0,(anonymous_1)
FNDA:0,(anonymous_2)
FNDA:0,(anonymous_3)
FNDA:0,(anonymous_4)
FNDA:0,(anonymous_5)
FNDA:0,(anonymous_6)
FNDA:0,(anonymous_7)
FNDA:0,(anonymous_8)
DA:4,0
DA:6,0
DA:14,0
DA:17,0
DA:19,0
DA:40,0
DA:41,0
DA:56,0
DA:57,0
DA:72,0
DA:73,0
DA:88,0
DA:89,0
DA:104,0
DA:105,0
DA:120,0
DA:121,0
LF:17
LH:0
BRDA:22,0,0,0
BRDA:22,0,1,0
BRDA:32,1,0,0
BRDA:32,1,1,0
BRF:4
BRH:0
end_of_record
TN:
SF:src\components\faqs\FaqOne.tsx
FN:10,(anonymous_0)
FNF:1
FNH:0
FNDA:0,(anonymous_0)
DA:10,0
DA:16,0
LF:2
LH:0
BRDA:22,0,0,0
BRDA:22,0,1,0
BRDA:30,1,0,0
BRDA:30,1,1,0
BRDA:40,2,0,0
BRDA:40,2,1,0
BRF:6
BRH:0
end_of_record
TN:
SF:src\components\faqs\FaqTwo.tsx
FN:8,(anonymous_0)
FNF:1
FNH:0
FNDA:0,(anonymous_0)
DA:8,0
DA:14,0
LF:2
LH:0
BRDA:16,0,0,0
BRDA:16,0,1,0
BRDA:22,1,0,0
BRDA:22,1,1,0
BRDA:29,2,0,0
BRDA:29,2,1,0
BRDA:37,3,0,0
BRDA:37,3,1,0
BRDA:42,4,0,0
BRDA:42,4,1,0
BRDA:67,5,0,0
BRDA:67,5,1,0
BRF:12
BRH:0
end_of_record
TN:
SF:src\components\file-manager\AllFolders.tsx
FN:4,AllFolders
FNF:1
FNH:0
FNDA:0,AllFolders
DA:5,0
LF:1
LH:0
BRF:0
BRH:0
end_of_record
TN:
SF:src\components\file-manager\AllMediaCard.tsx
FN:62,AllMediaCard
FN:121,(anonymous_1)
FNF:2
FNH:0
FNDA:0,AllMediaCard
FNDA:0,(anonymous_1)
DA:11,0
DA:63,0
DA:122,0
LF:3
LH:0
BRF:0
BRH:0
end_of_record
TN:
SF:src\components\file-manager\FileCard.tsx
FN:10,(anonymous_0)
FNF:1
FNH:0
FNDA:0,(anonymous_0)
DA:10,0
DA:18,0
LF:2
LH:0
BRF:0
BRH:0
end_of_record
TN:
SF:src\components\file-manager\FolderCard.tsx
FN:12,(anonymous_0)
FN:15,toggleDropdown
FN:19,closeDropdown
FNF:3
FNH:0
FNDA:0,(anonymous_0)
FNDA:0,toggleDropdown
FNDA:0,closeDropdown
DA:12,0
DA:13,0
DA:16,0
DA:20,0
DA:22,0
LF:5
LH:0
BRF:0
BRH:0
end_of_record
TN:
SF:src\components\file-manager\RecentFileTable.tsx
FN:77,RecentFileTable
FN:121,(anonymous_1)
FNF:2
FNH:0
FNDA:0,RecentFileTable
FNDA:0,(anonymous_1)
DA:4,0
DA:78,0
DA:122,0
LF:3
LH:0
BRF:0
BRH:0
end_of_record
TN:
SF:src\components\file-manager\StorageDetailsChart.tsx
FN:5,(anonymous_0)
FN:11,(anonymous_1)
FN:43,(anonymous_2)
FNF:3
FNH:0
FNDA:0,(anonymous_0)
FNDA:0,(anonymous_1)
FNDA:0,(anonymous_2)
DA:5,0
DA:7,0
DA:10,0
DA:11,0
DA:43,0
DA:102,0
DA:104,0
LF:7
LH:0
BRDA:33,0,0,0
BRDA:33,0,1,0
BRDA:40,1,0,0
BRDA:40,1,1,0
BRDA:48,2,0,0
BRDA:48,2,1,0
BRF:6
BRH:0
end_of_record
TN:
SF:src\components\form\Form.tsx
FN:9,(anonymous_0)
FN:12,(anonymous_1)
FNF:2
FNH:0
FNDA:0,(anonymous_0)
FNDA:0,(anonymous_1)
DA:9,0
DA:10,0
DA:13,0
DA:14,0
LF:4
LH:0
BRF:0
BRH:0
end_of_record
TN:
SF:src\components\form\Label.tsx
FN:10,(anonymous_0)
FNF:1
FNH:0
FNDA:0,(anonymous_0)
DA:10,0
DA:11,0
LF:2
LH:0
BRF:0
BRH:0
end_of_record
TN:
SF:src\components\form\MultiSelect.tsx
FN:17,(anonymous_0)
FN:28,(anonymous_1)
FN:29,(anonymous_2)
FN:32,(anonymous_3)
FN:34,(anonymous_4)
FN:41,(anonymous_5)
FN:42,(anonymous_6)
FN:48,(anonymous_7)
FN:48,(anonymous_8)
FN:63,(anonymous_9)
FN:71,(anonymous_10)
FN:134,(anonymous_11)
FN:137,(anonymous_12)
FN:141,(anonymous_13)
FNF:14
FNH:0
FNDA:0,(anonymous_0)
FNDA:0,(anonymous_1)
FNDA:0,(anonymous_2)
FNDA:0,(anonymous_3)
FNDA:0,(anonymous_4)
FNDA:0,(anonymous_5)
FNDA:0,(anonymous_6)
FNDA:0,(anonymous_7)
FNDA:0,(anonymous_8)
FNDA:0,(anonymous_9)
FNDA:0,(anonymous_10)
FNDA:0,(anonymous_11)
FNDA:0,(anonymous_12)
FNDA:0,(anonymous_13)
DA:17,0
DA:25,0
DA:26,0
DA:28,0
DA:29,0
DA:32,0
DA:33,0
DA:34,0
DA:37,0
DA:38,0
DA:41,0
DA:42,0
DA:43,0
DA:44,0
DA:47,0
DA:48,0
DA:51,0
DA:64,0
DA:72,0
DA:73,0
DA:134,0
DA:138,0
DA:141,0
LF:23
LH:0
BRDA:20,0,0,0
BRDA:22,1,0,0
BRDA:29,2,0,0
BRDA:29,2,1,0
BRDA:33,3,0,0
BRDA:33,3,1,0
BRDA:38,4,0,0
BRDA:38,4,1,0
BRDA:38,5,0,0
BRDA:38,5,1,0
BRDA:44,6,0,0
BRDA:44,6,1,0
BRDA:44,7,0,0
BRDA:44,7,1,0
BRDA:48,8,0,0
BRDA:48,8,1,0
BRDA:48,9,0,0
BRDA:48,9,1,0
BRDA:48,10,0,0
BRDA:48,10,1,0
BRDA:62,11,0,0
BRDA:62,11,1,0
BRDA:111,12,0,0
BRDA:111,12,1,0
BRDA:131,13,0,0
BRDA:131,13,1,0
BRDA:145,14,0,0
BRDA:145,14,1,0
BRF:28
BRH:0
end_of_record
TN:
SF:src\components\form\Select.tsx
FN:16,(anonymous_0)
FN:26,(anonymous_1)
FN:51,(anonymous_2)
FNF:3
FNH:0
FNDA:0,(anonymous_0)
FNDA:0,(anonymous_1)
FNDA:0,(anonymous_2)
DA:16,0
DA:24,0
DA:26,0
DA:27,0
DA:28,0
DA:29,0
DA:32,0
DA:52,0
LF:8
LH:0
BRDA:18,0,0,0
BRDA:20,1,0,0
BRDA:21,2,0,0
BRDA:35,3,0,0
BRDA:35,3,1,0
BRF:5
BRH:0
end_of_record
TN:
SF:src\components\form\date-picker.tsx
FN:18,DatePicker
FN:26,(anonymous_1)
FN:36,(anonymous_2)
FNF:3
FNH:0
FNDA:0,DatePicker
FNDA:0,(anonymous_1)
FNDA:0,(anonymous_2)
DA:26,0
DA:27,0
DA:36,0
DA:37,0
DA:38,0
DA:43,0
LF:6
LH:0
BRDA:28,0,0,0
BRDA:28,0,1,0
BRDA:37,1,0,0
BRDA:37,1,1,0
BRDA:45,2,0,0
BRDA:45,2,1,0
BRF:6
BRH:0
end_of_record
TN:
SF:src\components\form\example-form\BasicForm.tsx
FN:6,BasicForm
FN:7,(anonymous_1)
FNF:2
FNH:0
FNDA:0,BasicForm
FNDA:0,(anonymous_1)
DA:7,0
DA:8,0
DA:9,0
DA:11,0
LF:4
LH:0
BRF:0
BRH:0
end_of_record
TN:
SF:src\components\form\example-form\ExampleFormOne.tsx
FN:11,ExampleFormOne
FN:13,(anonymous_1)
FN:22,(anonymous_2)
FN:26,(anonymous_3)
FNF:4
FNH:0
FNDA:0,ExampleFormOne
FNDA:0,(anonymous_1)
FNDA:0,(anonymous_2)
FNDA:0,(anonymous_3)
DA:12,0
DA:13,0
DA:14,0
DA:15,0
DA:17,0
DA:22,0
DA:23,0
DA:26,0
DA:27,0
DA:28,0
DA:30,0
LF:11
LH:0
BRF:0
BRH:0
end_of_record
TN:
SF:src\components\form\example-form\ExampleFormTwo.tsx
FN:11,ExampleFormTwo
FN:14,(anonymous_1)
FN:37,(anonymous_2)
FN:41,(anonymous_3)
FN:79,(anonymous_4)
FNF:5
FNH:0
FNDA:0,ExampleFormTwo
FNDA:0,(anonymous_1)
FNDA:0,(anonymous_2)
FNDA:0,(anonymous_3)
FNDA:0,(anonymous_4)
DA:12,0
DA:14,0
DA:15,0
DA:16,0
DA:19,0
DA:25,0
DA:31,0
DA:37,0
DA:38,0
DA:41,0
DA:42,0
DA:43,0
DA:46,0
DA:81,0
LF:14
LH:0
BRF:0
BRH:0
end_of_record
TN:
SF:src\components\form\example-form\ExampleFormWithIcon.tsx
FN:15,ExampleFormWithIcon
FN:16,(anonymous_1)
FNF:2
FNH:0
FNDA:0,ExampleFormWithIcon
FNDA:0,(anonymous_1)
DA:16,0
DA:17,0
DA:18,0
DA:21,0
DA:22,0
LF:5
LH:0
BRF:0
BRH:0
end_of_record
TN:
SF:src\components\form\form-elements\CheckboxComponents.tsx
FN:5,CheckboxComponents
FNF:1
FNH:0
FNDA:0,CheckboxComponents
DA:6,0
DA:7,0
DA:8,0
DA:9,0
LF:4
LH:0
BRF:0
BRH:0
end_of_record
TN:
SF:src\components\form\form-elements\DefaultInputs.tsx
FN:9,DefaultInputs
FN:16,(anonymous_1)
FN:48,(anonymous_2)
FN:65,(anonymous_3)
FN:79,(anonymous_4)
FNF:5
FNH:0
FNDA:0,DefaultInputs
FNDA:0,(anonymous_1)
FNDA:0,(anonymous_2)
FNDA:0,(anonymous_3)
FNDA:0,(anonymous_4)
DA:10,0
DA:11,0
DA:16,0
DA:17,0
DA:20,0
DA:48,0
DA:67,0
DA:79,0
LF:8
LH:0
BRDA:44,0,0,0
BRDA:44,0,1,0
BRDA:51,1,0,0
BRDA:51,1,1,0
BRF:4
BRH:0
end_of_record
TN:
SF:src\components\form\form-elements\DropZone.tsx
FN:19,(anonymous_0)
FN:27,(anonymous_1)
FN:94,(anonymous_2)
FNF:3
FNH:0
FNDA:0,(anonymous_0)
FNDA:0,(anonymous_1)
FNDA:0,(anonymous_2)
DA:12,0
DA:19,0
DA:25,0
DA:27,0
DA:28,0
DA:29,0
DA:30,0
DA:33,0
DA:38,0
DA:94,0
LF:10
LH:0
BRDA:22,0,0,0
BRDA:23,1,0,0
BRDA:29,2,0,0
BRDA:29,2,1,0
BRDA:35,3,0,0
BRDA:35,3,1,0
BRDA:35,4,0,0
BRDA:35,4,1,0
BRDA:47,5,0,0
BRDA:47,5,1,0
BRDA:79,6,0,0
BRDA:79,6,1,0
BRDA:92,7,0,0
BRDA:92,7,1,0
BRDA:98,8,0,0
BRDA:98,8,1,0
BRDA:98,8,2,0
BRF:17
BRH:0
end_of_record
TN:
SF:src\components\form\form-elements\FileInputExample.tsx
FN:5,FileInputExample
FN:6,(anonymous_1)
FNF:2
FNH:0
FNDA:0,FileInputExample
FNDA:0,(anonymous_1)
DA:6,0
DA:7,0
DA:8,0
DA:9,0
DA:13,0
LF:5
LH:0
BRDA:7,0,0,0
BRDA:7,0,1,0
BRDA:7,1,0,0
BRDA:7,1,1,0
BRDA:8,2,0,0
BRDA:8,2,1,0
BRF:6
BRH:0
end_of_record
TN:
SF:src\components\form\form-elements\InputGroup.tsx
FN:7,InputGroup
FN:14,(anonymous_1)
FNF:2
FNH:0
FNDA:0,InputGroup
FNDA:0,(anonymous_1)
DA:8,0
DA:14,0
DA:15,0
DA:17,0
LF:4
LH:0
BRF:0
BRH:0
end_of_record
TN:
SF:src\components\form\form-elements\InputStates.tsx
FN:5,InputStates
FN:11,(anonymous_1)
FN:18,(anonymous_2)
FN:23,(anonymous_3)
FNF:4
FNH:0
FNDA:0,InputStates
FNDA:0,(anonymous_1)
FNDA:0,(anonymous_2)
FNDA:0,(anonymous_3)
DA:6,0
DA:7,0
DA:8,0
DA:11,0
DA:13,0
DA:14,0
DA:15,0
DA:18,0
DA:19,0
DA:20,0
DA:21,0
DA:23,0
DA:24,0
DA:25,0
DA:26,0
DA:28,0
LF:16
LH:0
BRDA:43,0,0,0
BRDA:43,0,1,0
BRDA:56,1,0,0
BRDA:56,1,1,0
BRF:4
BRH:0
end_of_record
TN:
SF:src\components\form\form-elements\RadioButtons.tsx
FN:5,RadioButtons
FN:8,(anonymous_1)
FNF:2
FNH:0
FNDA:0,RadioButtons
FNDA:0,(anonymous_1)
DA:6,0
DA:8,0
DA:9,0
DA:11,0
LF:4
LH:0
BRF:0
BRH:0
end_of_record
TN:
SF:src\components\form\form-elements\SelectInputs.tsx
FN:7,SelectInputs
FN:13,(anonymous_1)
FN:42,(anonymous_2)
FNF:3
FNH:0
FNDA:0,SelectInputs
FNDA:0,(anonymous_1)
FNDA:0,(anonymous_2)
DA:8,0
DA:13,0
DA:14,0
DA:16,0
DA:18,0
DA:25,0
DA:42,0
LF:7
LH:0
BRF:0
BRH:0
end_of_record
TN:
SF:src\components\form\form-elements\TextAreaInput.tsx
FN:6,TextAreaInput
FN:17,(anonymous_1)
FN:35,(anonymous_2)
FNF:3
FNH:0
FNDA:0,TextAreaInput
FNDA:0,(anonymous_1)
FNDA:0,(anonymous_2)
DA:7,0
DA:8,0
DA:9,0
DA:17,0
DA:35,0
LF:5
LH:0
BRF:0
BRH:0
end_of_record
TN:
SF:src\components\form\form-elements\ToggleSwitch.tsx
FN:4,ToggleSwitch
FN:5,(anonymous_1)
FNF:2
FNH:0
FNDA:0,ToggleSwitch
FNDA:0,(anonymous_1)
DA:5,0
DA:6,0
DA:8,0
LF:3
LH:0
BRDA:6,0,0,0
BRDA:6,0,1,0
BRF:2
BRH:0
end_of_record
TN:
SF:src\components\form\group-input\PhoneInput.tsx
FN:15,(anonymous_0)
FN:25,(anonymous_1)
FN:29,(anonymous_2)
FN:38,(anonymous_3)
FN:56,(anonymous_4)
FN:106,(anonymous_5)
FNF:6
FNH:0
FNDA:0,(anonymous_0)
FNDA:0,(anonymous_1)
FNDA:0,(anonymous_2)
FNDA:0,(anonymous_3)
FNDA:0,(anonymous_4)
FNDA:0,(anonymous_5)
DA:15,0
DA:21,0
DA:22,0
DA:24,0
DA:25,0
DA:29,0
DA:30,0
DA:31,0
DA:32,0
DA:33,0
DA:34,0
DA:38,0
DA:39,0
DA:40,0
DA:41,0
DA:42,0
DA:46,0
DA:57,0
DA:107,0
LF:19
LH:0
BRDA:17,0,0,0
BRDA:19,1,0,0
BRDA:33,2,0,0
BRDA:33,2,1,0
BRDA:41,3,0,0
BRDA:41,3,1,0
BRDA:49,4,0,0
BRDA:49,4,1,0
BRDA:94,5,0,0
BRDA:94,5,1,0
BRDA:99,6,0,0
BRDA:99,6,1,0
BRF:12
BRH:0
end_of_record
TN:
SF:src\components\form\input\Checkbox.tsx
FN:12,(anonymous_0)
FN:33,(anonymous_1)
FNF:2
FNH:0
FNDA:0,(anonymous_0)
FNDA:0,(anonymous_1)
DA:12,0
DA:20,0
DA:33,0
LF:3
LH:0
BRDA:17,0,0,0
BRDA:18,1,0,0
BRDA:23,2,0,0
BRDA:23,2,1,0
BRDA:36,3,0,0
BRDA:36,3,1,0
BRDA:54,4,0,0
BRDA:54,4,1,0
BRDA:73,5,0,0
BRDA:73,5,1,0
BRF:10
BRH:0
end_of_record
TN:
SF:src\components\form\input\FileInput.tsx
FN:8,(anonymous_0)
FNF:1
FNH:0
FNDA:0,(anonymous_0)
DA:8,0
DA:9,0
LF:2
LH:0
BRF:0
BRH:0
end_of_record
TN:
SF:src\components\form\input\InputField.tsx
FN:22,(anonymous_1)
FNF:1
FNH:0
FNDA:0,(anonymous_1)
DA:22,0
DA:36,0
DA:37,0
DA:39,0
DA:41,0
DA:42,0
DA:43,0
DA:44,0
DA:45,0
DA:46,0
DA:48,0
DA:51,0
LF:12
LH:0
BRDA:23,0,0,0
BRDA:29,1,0,0
BRDA:33,2,0,0
BRDA:34,3,0,0
BRDA:35,4,0,0
BRDA:41,5,0,0
BRDA:41,5,1,0
BRDA:43,6,0,0
BRDA:43,6,1,0
BRDA:45,7,0,0
BRDA:45,7,1,0
BRDA:68,8,0,0
BRDA:68,8,1,0
BRDA:71,9,0,0
BRDA:71,9,1,0
BRDA:73,10,0,0
BRDA:73,10,1,0
BRF:17
BRH:0
end_of_record
TN:
SF:src\components\form\input\Radio.tsx
FN:12,(anonymous_0)
FN:37,(anonymous_1)
FNF:2
FNH:0
FNDA:0,(anonymous_0)
FNDA:0,(anonymous_1)
DA:12,0
DA:22,0
DA:37,0
LF:3
LH:0
BRDA:19,0,0,0
BRDA:20,1,0,0
BRDA:26,2,0,0
BRDA:26,2,1,0
BRDA:37,3,0,0
BRDA:37,3,1,0
BRDA:43,4,0,0
BRDA:43,4,1,0
BRDA:47,5,0,0
BRDA:47,5,1,0
BRDA:54,6,0,0
BRDA:54,6,1,0
BRF:12
BRH:0
end_of_record
TN:
SF:src\components\form\input\RadioSm.tsx
FN:11,(anonymous_0)
FN:33,(anonymous_1)
FNF:2
FNH:0
FNDA:0,(anonymous_0)
FNDA:0,(anonymous_1)
DA:11,0
DA:20,0
DA:33,0
LF:3
LH:0
BRDA:18,0,0,0
BRDA:39,1,0,0
BRDA:39,1,1,0
BRDA:47,2,0,0
BRDA:47,2,1,0
BRF:5
BRH:0
end_of_record
TN:
SF:src\components\form\input\TextArea.tsx
FN:14,(anonymous_0)
FN:24,(anonymous_1)
FNF:2
FNH:0
FNDA:0,(anonymous_0)
FNDA:0,(anonymous_1)
DA:14,0
DA:24,0
DA:25,0
DA:26,0
DA:30,0
DA:32,0
DA:33,0
DA:34,0
DA:35,0
DA:37,0
DA:40,0
LF:11
LH:0
BRDA:15,0,0,0
BRDA:16,1,0,0
BRDA:17,2,0,0
BRDA:19,3,0,0
BRDA:20,4,0,0
BRDA:21,5,0,0
BRDA:22,6,0,0
BRDA:25,7,0,0
BRDA:25,7,1,0
BRDA:32,8,0,0
BRDA:32,8,1,0
BRDA:34,9,0,0
BRDA:34,9,1,0
BRDA:50,10,0,0
BRDA:50,10,1,0
BRDA:53,11,0,0
BRDA:53,11,1,0
BRF:17
BRH:0
end_of_record
TN:
SF:src\components\form\switch\Switch.tsx
FN:11,(anonymous_0)
FN:20,(anonymous_1)
FNF:2
FNH:0
FNDA:0,(anonymous_0)
FNDA:0,(anonymous_1)
DA:11,0
DA:18,0
DA:20,0
DA:21,0
DA:22,0
DA:23,0
DA:24,0
DA:25,0
DA:30,0
DA:48,0
LF:10
LH:0
BRDA:13,0,0,0
BRDA:14,1,0,0
BRDA:16,2,0,0
BRDA:21,3,0,0
BRDA:21,3,1,0
BRDA:24,4,0,0
BRDA:24,4,1,0
BRDA:30,5,0,0
BRDA:30,5,1,0
BRDA:32,6,0,0
BRDA:32,6,1,0
BRDA:35,7,0,0
BRDA:35,7,1,0
BRDA:40,8,0,0
BRDA:40,8,1,0
BRDA:43,9,0,0
BRDA:43,9,1,0
BRDA:51,10,0,0
BRDA:51,10,1,0
BRDA:58,11,0,0
BRDA:58,11,1,0
BRF:21
BRH:0
end_of_record
TN:
SF:src\components\header\NotificationDropdown.tsx
FN:6,NotificationDropdown
FN:10,toggleDropdown
FN:14,closeDropdown
FN:18,(anonymous_3)
FNF:4
FNH:0
FNDA:0,NotificationDropdown
FNDA:0,toggleDropdown
FNDA:0,closeDropdown
FNDA:0,(anonymous_3)
DA:7,0
DA:8,0
DA:11,0
DA:15,0
DA:18,0
DA:19,0
DA:20,0
DA:22,0
LF:8
LH:0
BRDA:30,0,0,0
BRDA:30,0,1,0
BRF:2
BRH:0
end_of_record
TN:
SF:src\components\header\UserDropdown.tsx
FN:6,UserDropdown
FN:8,(anonymous_1)
FN:10,toggleDropdown
FN:14,closeDropdown
FNF:4
FNH:0
FNDA:0,UserDropdown
FNDA:0,(anonymous_1)
FNDA:0,toggleDropdown
FNDA:0,closeDropdown
DA:7,0
DA:8,0
DA:11,0
DA:15,0
DA:19,0
LF:5
LH:0
BRDA:29,0,0,0
BRDA:29,0,1,0
BRDA:29,1,0,0
BRDA:29,1,1,0
BRDA:32,2,0,0
BRDA:32,2,1,0
BRF:6
BRH:0
end_of_record
TN:
SF:src\components\invoice\Invoice.tsx
FN:4,Invoice
FNF:1
FNH:0
FNDA:0,Invoice
DA:5,0
LF:1
LH:0
BRF:0
BRH:0
end_of_record
TN:
SF:src\components\invoice\InvoiceMain.tsx
FN:3,InvoiceMain
FNF:1
FNH:0
FNDA:0,InvoiceMain
DA:4,0
LF:1
LH:0
BRF:0
BRH:0
end_of_record
TN:
SF:src\components\invoice\InvoiceSidebar.tsx
FN:1,InvoiceSidebar
FNF:1
FNH:0
FNDA:0,InvoiceSidebar
DA:2,0
LF:1
LH:0
BRF:0
BRH:0
end_of_record
TN:
SF:src\components\invoice\InvoiceTable.tsx
FN:9,InvoiceTable
FNF:1
FNH:0
FNDA:0,InvoiceTable
DA:10,0
LF:1
LH:0
BRF:0
BRH:0
end_of_record
TN:
SF:src\components\links\ColoredLinkWithUnderline.tsx
FN:4,ColoredLinkWithUnderline
FNF:1
FNH:0
FNDA:0,ColoredLinkWithUnderline
DA:5,0
LF:1
LH:0
BRF:0
BRH:0
end_of_record
TN:
SF:src\components\links\DefaultLinkExample.tsx
FN:4,DefaultLinkExample
FNF:1
FNH:0
FNDA:0,DefaultLinkExample
DA:5,0
LF:1
LH:0
BRF:0
BRH:0
end_of_record
TN:
SF:src\components\links\LinkOpacityExample.tsx
FN:4,LinkOpacityExample
FNF:1
FNH:0
FNDA:0,LinkOpacityExample
DA:5,0
LF:1
LH:0
BRF:0
BRH:0
end_of_record
TN:
SF:src\components\links\LinkOpacityHover.tsx
FN:4,LinkOpacityHover
FNF:1
FNH:0
FNDA:0,LinkOpacityHover
DA:5,0
LF:1
LH:0
BRF:0
BRH:0
end_of_record
TN:
SF:src\components\links\index.tsx
FN:6,LinksExample
FNF:1
FNH:0
FNDA:0,LinksExample
DA:7,0
LF:1
LH:0
BRF:0
BRH:0
end_of_record
TN:
SF:src\components\list\HorizontalList.tsx
FN:1,HorizontalList
FNF:1
FNH:0
FNDA:0,HorizontalList
DA:2,0
LF:1
LH:0
BRF:0
BRH:0
end_of_record
TN:
SF:src\components\list\ListWithButton.tsx
FN:1,ListWithButton
FNF:1
FNH:0
FNDA:0,ListWithButton
DA:2,0
LF:1
LH:0
BRF:0
BRH:0
end_of_record
TN:
SF:src\components\list\ListWithCheckbox.tsx
FN:4,ListWithCheckbox
FN:15,(anonymous_1)
FN:30,(anonymous_2)
FN:41,(anonymous_3)
FNF:4
FNH:0
FNDA:0,ListWithCheckbox
FNDA:0,(anonymous_1)
FNDA:0,(anonymous_2)
FNDA:0,(anonymous_3)
DA:6,0
DA:15,0
DA:16,0
DA:17,0
DA:18,0
DA:21,0
DA:31,0
DA:32,0
DA:41,0
LF:9
LH:0
BRF:0
BRH:0
end_of_record
TN:
SF:src\components\list\ListWithIcon.tsx
FN:1,ListWithIcon
FNF:1
FNH:0
FNDA:0,ListWithIcon
DA:2,0
LF:1
LH:0
BRF:0
BRH:0
end_of_record
TN:
SF:src\components\list\ListWithRadio.tsx
FN:4,ListWithRadio
FN:7,(anonymous_1)
FNF:2
FNH:0
FNDA:0,ListWithRadio
FNDA:0,(anonymous_1)
DA:5,0
DA:7,0
DA:8,0
DA:9,0
DA:11,0
LF:5
LH:0
BRF:0
BRH:0
end_of_record
TN:
SF:src\components\list\OrderedList.tsx
FN:1,OrderedList
FNF:1
FNH:0
FNDA:0,OrderedList
DA:2,0
LF:1
LH:0
BRF:0
BRH:0
end_of_record
TN:
SF:src\components\list\UnorderedList.tsx
FN:1,UnOrderedList
FNF:1
FNH:0
FNDA:0,UnOrderedList
DA:2,0
LF:1
LH:0
BRF:0
BRH:0
end_of_record
TN:
SF:src\components\list\index.tsx
FN:10,ListExample
FNF:1
FNH:0
FNDA:0,ListExample
DA:11,0
LF:1
LH:0
BRF:0
BRH:0
end_of_record
TN:
SF:src\components\marketing\FeaturedCampaign.tsx
FN:109,FeaturedCampaign
FN:112,toggleDropdown
FN:116,closeDropdown
FN:180,(anonymous_3)
FNF:4
FNH:0
FNDA:0,FeaturedCampaign
FNDA:0,toggleDropdown
FNDA:0,closeDropdown
FNDA:0,(anonymous_3)
DA:28,0
DA:110,0
DA:113,0
DA:117,0
DA:119,0
DA:181,0
LF:6
LH:0
BRDA:213,0,0,0
BRDA:213,0,1,0
BRDA:215,1,0,0
BRDA:215,1,1,0
BRF:4
BRH:0
end_of_record
TN:
SF:src\components\marketing\ImpressionChart.tsx
FN:4,ImpressionChart
FNF:1
FNH:0
FNDA:0,ImpressionChart
DA:5,0
DA:90,0
DA:101,0
LF:3
LH:0
BRF:0
BRH:0
end_of_record
TN:
SF:src\components\marketing\MarketingMetricsCards.tsx
FN:3,MarketingMetricsCards
FNF:1
FNH:0
FNDA:0,MarketingMetricsCards
DA:4,0
LF:1
LH:0
BRF:0
BRH:0
end_of_record
TN:
SF:src\components\marketing\TrafficSource.tsx
FN:5,TrafficSource
FN:8,toggleDropdown
FN:12,closeDropdown
FNF:3
FNH:0
FNDA:0,TrafficSource
FNDA:0,toggleDropdown
FNDA:0,closeDropdown
DA:6,0
DA:9,0
DA:13,0
DA:15,0
LF:4
LH:0
BRF:0
BRH:0
end_of_record
TN:
SF:src\components\marketing\TrafficStats.tsx
FN:10,TrafficStats
FN:91,toggleDropdown
FN:95,closeDropdown
FNF:3
FNH:0
FNDA:0,TrafficStats
FNDA:0,toggleDropdown
FNDA:0,closeDropdown
DA:11,0
DA:82,0
DA:89,0
DA:92,0
DA:96,0
DA:98,0
LF:6
LH:0
BRF:0
BRH:0
end_of_record
TN:
SF:src\components\price-table\PriceTableOne.tsx
FN:29,PriceTableOne
FN:47,(anonymous_1)
FN:57,(anonymous_2)
FN:98,(anonymous_3)
FN:143,(anonymous_4)
FN:185,(anonymous_5)
FNF:6
FNH:0
FNDA:0,PriceTableOne
FNDA:0,(anonymous_1)
FNDA:0,(anonymous_2)
FNDA:0,(anonymous_3)
FNDA:0,(anonymous_4)
FNDA:0,(anonymous_5)
DA:4,0
DA:12,0
DA:20,0
DA:30,0
DA:31,0
DA:47,0
DA:57,0
DA:99,0
DA:144,0
DA:186,0
LF:10
LH:0
BRDA:43,0,0,0
BRDA:43,0,1,0
BRDA:49,1,0,0
BRDA:49,1,1,0
BRDA:59,2,0,0
BRDA:59,2,1,0
BRDA:79,3,0,0
BRDA:79,3,1,0
BRDA:87,4,0,0
BRDA:87,4,1,0
BRDA:123,5,0,0
BRDA:123,5,1,0
BRDA:132,6,0,0
BRDA:132,6,1,0
BRDA:167,7,0,0
BRDA:167,7,1,0
BRDA:174,8,0,0
BRDA:174,8,1,0
BRF:18
BRH:0
end_of_record
TN:
SF:src\components\price-table\PriceTableThree.tsx
FN:30,PriceTableThree
FN:60,(anonymous_1)
FN:97,(anonymous_2)
FN:139,(anonymous_3)
FN:176,(anonymous_4)
FNF:5
FNH:0
FNDA:0,PriceTableThree
FNDA:0,(anonymous_1)
FNDA:0,(anonymous_2)
FNDA:0,(anonymous_3)
FNDA:0,(anonymous_4)
DA:3,0
DA:8,0
DA:14,0
DA:21,0
DA:31,0
DA:61,0
DA:98,0
DA:140,0
DA:177,0
LF:9
LH:0
BRF:0
BRH:0
end_of_record
TN:
SF:src\components\price-table\PriceTableTwo.tsx
FN:28,PriceTableTwo
FN:74,(anonymous_1)
FN:141,(anonymous_2)
FN:209,(anonymous_3)
FNF:4
FNH:0
FNDA:0,PriceTableTwo
FNDA:0,(anonymous_1)
FNDA:0,(anonymous_2)
FNDA:0,(anonymous_3)
DA:3,0
DA:11,0
DA:19,0
DA:29,0
DA:75,0
DA:142,0
DA:210,0
LF:7
LH:0
BRDA:78,0,0,0
BRDA:78,0,1,0
BRDA:83,1,0,0
BRDA:83,1,1,0
BRDA:145,2,0,0
BRDA:145,2,1,0
BRDA:150,3,0,0
BRDA:150,3,1,0
BRDA:213,4,0,0
BRDA:213,4,1,0
BRDA:218,5,0,0
BRDA:218,5,1,0
BRF:12
BRH:0
end_of_record
TN:
SF:src\components\saas\ActivitiesCard.tsx
FN:6,ActivitiesCard
FN:9,toggleDropdown
FN:13,closeDropdown
FNF:3
FNH:0
FNDA:0,ActivitiesCard
FNDA:0,toggleDropdown
FNDA:0,closeDropdown
DA:7,0
DA:10,0
DA:14,0
DA:16,0
LF:4
LH:0
BRF:0
BRH:0
end_of_record
TN:
SF:src\components\saas\ChurnRateChart.tsx
FN:4,ChurnRateChart
FN:49,(anonymous_1)
FNF:2
FNH:0
FNDA:0,ChurnRateChart
FNDA:0,(anonymous_1)
DA:5,0
DA:12,0
DA:49,0
DA:56,0
LF:4
LH:0
BRF:0
BRH:0
end_of_record
TN:
SF:src\components\saas\FunnelChart.tsx
FN:3,FunnelChart
FN:94,(anonymous_1)
FNF:2
FNH:0
FNDA:0,FunnelChart
FNDA:0,(anonymous_1)
DA:4,0
DA:22,0
DA:94,0
DA:98,0
LF:4
LH:0
BRF:0
BRH:0
end_of_record
TN:
SF:src\components\saas\GrowthChart.tsx
FN:4,GrowthChart
FN:49,(anonymous_1)
FNF:2
FNH:0
FNDA:0,GrowthChart
FNDA:0,(anonymous_1)
DA:5,0
DA:12,0
DA:49,0
DA:56,0
LF:4
LH:0
BRF:0
BRH:0
end_of_record
TN:
SF:src\components\saas\ProductPerformanceTab.tsx
FN:9,ProductPerformanceTab
FN:13,toggleDropdown
FN:17,closeDropdown
FN:55,(anonymous_3)
FN:65,(anonymous_4)
FN:75,(anonymous_5)
FNF:6
FNH:0
FNDA:0,ProductPerformanceTab
FNDA:0,toggleDropdown
FNDA:0,closeDropdown
FNDA:0,(anonymous_3)
FNDA:0,(anonymous_4)
FNDA:0,(anonymous_5)
DA:10,0
DA:11,0
DA:14,0
DA:18,0
DA:20,0
DA:55,0
DA:65,0
DA:75,0
LF:8
LH:0
BRDA:57,0,0,0
BRDA:57,0,1,0
BRDA:67,1,0,0
BRDA:67,1,1,0
BRDA:77,2,0,0
BRDA:77,2,1,0
BRDA:89,3,0,0
BRDA:89,3,1,0
BRDA:184,4,0,0
BRDA:184,4,1,0
BRDA:279,5,0,0
BRDA:279,5,1,0
BRF:12
BRH:0
end_of_record
TN:
SF:src\components\saas\SaasInvoiceTable.tsx
FN:41,SaasInvoiceTable
FN:166,(anonymous_1)
FNF:2
FNH:0
FNDA:0,SaasInvoiceTable
FNDA:0,(anonymous_1)
DA:3,0
DA:42,0
DA:167,0
LF:3
LH:0
BRDA:184,0,0,0
BRDA:184,0,1,0
BRDA:186,1,0,0
BRDA:186,1,1,0
BRF:4
BRH:0
end_of_record
TN:
SF:src\components\saas\SaasMetrics.tsx
FN:1,SaasMetrics
FNF:1
FNH:0
FNDA:0,SaasMetrics
DA:2,0
LF:1
LH:0
BRF:0
BRH:0
end_of_record
TN:
SF:src\components\saas\chart\DailySaleChart.tsx
FN:4,DailySaleChart
FN:66,(anonymous_1)
FNF:2
FNH:0
FNDA:0,DailySaleChart
FNDA:0,(anonymous_1)
DA:5,0
DA:66,0
DA:71,0
DA:77,0
LF:4
LH:0
BRF:0
BRH:0
end_of_record
TN:
SF:src\components\saas\chart\NewUserChart.tsx
FN:4,NewUserChart
FNF:1
FNH:0
FNDA:0,NewUserChart
DA:5,0
DA:93,0
DA:103,0
LF:3
LH:0
BRF:0
BRH:0
end_of_record
TN:
SF:src\components\saas\chart\OnlineSaleChart.tsx
FN:4,OnlineSaleChart
FNF:1
FNH:0
FNDA:0,OnlineSaleChart
DA:5,0
DA:81,0
DA:91,0
LF:3
LH:0
BRF:0
BRH:0
end_of_record
TN:
SF:src\components\stocks\DividendChart.tsx
FN:8,(anonymous_0)
FN:70,(anonymous_1)
FN:84,toggleDropdown
FN:88,closeDropdown
FNF:4
FNH:0
FNDA:0,(anonymous_0)
FNDA:0,(anonymous_1)
FNDA:0,toggleDropdown
FNDA:0,closeDropdown
DA:8,0
DA:9,0
DA:70,0
DA:75,0
DA:82,0
DA:85,0
DA:89,0
DA:92,0
LF:8
LH:0
BRF:0
BRH:0
end_of_record
TN:
SF:src\components\stocks\LatestTransactions.tsx
FN:53,LatestTransactions
FN:132,(anonymous_1)
FNF:2
FNH:0
FNDA:0,LatestTransactions
FNDA:0,(anonymous_1)
DA:10,0
DA:54,0
DA:133,0
LF:3
LH:0
BRDA:159,0,0,0
BRDA:159,0,1,0
BRDA:161,1,0,0
BRDA:161,1,1,0
BRF:4
BRH:0
end_of_record
TN:
SF:src\components\stocks\StockMetricCard.tsx
FN:14,(anonymous_0)
FNF:1
FNH:0
FNDA:0,(anonymous_0)
DA:14,0
DA:22,0
LF:2
LH:0
BRDA:45,0,0,0
BRDA:45,0,1,0
BRDA:47,1,0,0
BRDA:47,1,1,0
BRF:4
BRH:0
end_of_record
TN:
SF:src\components\stocks\StockMetricsList.tsx
FN:48,StockMetricsList
FN:51,(anonymous_1)
FNF:2
FNH:0
FNDA:0,StockMetricsList
FNDA:0,(anonymous_1)
DA:12,0
DA:49,0
DA:52,0
LF:3
LH:0
BRF:0
BRH:0
end_of_record
TN:
SF:src\components\stocks\TrendingStocks.tsx
FN:4,TrendingStocks
FNF:1
FNH:0
FNDA:0,TrendingStocks
DA:5,0
DA:26,0
LF:2
LH:0
BRF:0
BRH:0
end_of_record
TN:
SF:src\components\stocks\WatchList.tsx
FN:83,(anonymous_0)
FN:126,WatchList
FN:129,toggleDropdown
FN:133,closeDropdown
FN:169,(anonymous_4)
FNF:5
FNH:0
FNDA:0,(anonymous_0)
FNDA:0,WatchList
FNDA:0,toggleDropdown
FNDA:0,closeDropdown
FNDA:0,(anonymous_4)
DA:16,0
DA:83,0
DA:91,0
DA:127,0
DA:130,0
DA:134,0
DA:136,0
DA:170,0
LF:8
LH:0
BRDA:112,0,0,0
BRDA:112,0,1,0
BRDA:117,1,0,0
BRDA:117,1,1,0
BRF:4
BRH:0
end_of_record
TN:
SF:src\components\tables\BasicTables\BasicTableFive.tsx
FN:79,BasicTableFive
FN:175,(anonymous_1)
FNF:2
FNH:0
FNDA:0,BasicTableFive
FNDA:0,(anonymous_1)
DA:20,0
DA:80,0
DA:176,0
LF:3
LH:0
BRF:0
BRH:0
end_of_record
TN:
SF:src\components\tables\BasicTables\BasicTableFour.tsx
FN:110,BasicTableFour
FN:113,toggleDropdown
FN:117,closeDropdown
FN:180,(anonymous_3)
FNF:4
FNH:0
FNDA:0,BasicTableFour
FNDA:0,toggleDropdown
FNDA:0,closeDropdown
FNDA:0,(anonymous_3)
DA:29,0
DA:111,0
DA:114,0
DA:118,0
DA:120,0
DA:181,0
LF:6
LH:0
BRDA:225,0,0,0
BRDA:225,0,1,0
BRDA:227,1,0,0
BRDA:227,1,1,0
BRF:4
BRH:0
end_of_record
TN:
SF:src\components\tables\BasicTables\BasicTableOne.tsx
FN:112,BasicTableOne
FN:155,(anonymous_1)
FN:182,(anonymous_2)
FNF:3
FNH:0
FNDA:0,BasicTableOne
FNDA:0,(anonymous_1)
FNDA:0,(anonymous_2)
DA:27,0
DA:113,0
DA:156,0
DA:183,0
LF:4
LH:0
BRDA:202,0,0,0
BRDA:202,0,1,0
BRDA:204,1,0,0
BRDA:204,1,1,0
BRF:4
BRH:0
end_of_record
TN:
SF:src\components\tables\BasicTables\BasicTableThree.tsx
FN:147,BasicTableThree
FN:163,(anonymous_1)
FN:169,(anonymous_2)
FN:173,(anonymous_3)
FN:260,(anonymous_4)
FN:358,(anonymous_5)
FN:384,(anonymous_6)
FN:387,(anonymous_7)
FN:401,(anonymous_8)
FNF:9
FNH:0
FNDA:0,BasicTableThree
FNDA:0,(anonymous_1)
FNDA:0,(anonymous_2)
FNDA:0,(anonymous_3)
FNDA:0,(anonymous_4)
FNDA:0,(anonymous_5)
FNDA:0,(anonymous_6)
FNDA:0,(anonymous_7)
FNDA:0,(anonymous_8)
DA:24,0
DA:149,0
DA:150,0
DA:153,0
DA:154,0
DA:157,0
DA:160,0
DA:163,0
DA:164,0
DA:165,0
DA:169,0
DA:173,0
DA:176,0
DA:261,0
DA:358,0
DA:385,0
DA:387,0
DA:401,0
LF:18
LH:0
BRDA:164,0,0,0
BRDA:164,0,1,0
BRDA:164,1,0,0
BRDA:164,1,1,0
BRDA:293,2,0,0
BRDA:293,2,1,0
BRDA:295,3,0,0
BRDA:295,3,1,0
BRDA:389,4,0,0
BRDA:389,4,1,0
BRF:10
BRH:0
end_of_record
TN:
SF:src\components\tables\BasicTables\BasicTableTwo.tsx
FN:142,BasicTableTwo
FN:146,(anonymous_1)
FN:149,(anonymous_2)
FN:155,(anonymous_3)
FN:156,(anonymous_4)
FN:158,(anonymous_5)
FN:253,(anonymous_6)
FN:260,(anonymous_7)
FNF:8
FNH:0
FNDA:0,BasicTableTwo
FNDA:0,(anonymous_1)
FNDA:0,(anonymous_2)
FNDA:0,(anonymous_3)
FNDA:0,(anonymous_4)
FNDA:0,(anonymous_5)
FNDA:0,(anonymous_6)
FNDA:0,(anonymous_7)
DA:39,0
DA:143,0
DA:144,0
DA:146,0
DA:147,0
DA:148,0
DA:149,0
DA:151,0
DA:155,0
DA:156,0
DA:157,0
DA:158,0
DA:162,0
DA:254,0
DA:260,0
LF:15
LH:0
BRDA:148,0,0,0
BRDA:148,0,1,0
BRDA:157,1,0,0
BRDA:157,1,1,0
BRDA:302,2,0,0
BRDA:302,2,1,0
BRDA:304,3,0,0
BRDA:304,3,1,0
BRDA:314,4,0,0
BRDA:314,4,1,0
BRF:10
BRH:0
end_of_record
TN:
SF:src\components\tables\DataTables\TableOne\DataTableOne.tsx
FN:140,DataTableOne
FN:147,(anonymous_1)
FN:149,(anonymous_2)
FN:151,(anonymous_3)
FN:156,(anonymous_4)
FN:176,(anonymous_5)
FN:180,(anonymous_6)
FN:202,(anonymous_7)
FN:204,(anonymous_8)
FN:257,(anonymous_9)
FN:276,(anonymous_10)
FN:284,(anonymous_11)
FN:331,(anonymous_12)
FNF:13
FNH:0
FNDA:0,DataTableOne
FNDA:0,(anonymous_1)
FNDA:0,(anonymous_2)
FNDA:0,(anonymous_3)
FNDA:0,(anonymous_4)
FNDA:0,(anonymous_5)
FNDA:0,(anonymous_6)
FNDA:0,(anonymous_7)
FNDA:0,(anonymous_8)
FNDA:0,(anonymous_9)
FNDA:0,(anonymous_10)
FNDA:0,(anonymous_11)
FNDA:0,(anonymous_12)
DA:14,0
DA:141,0
DA:142,0
DA:143,0
DA:144,0
DA:145,0
DA:147,0
DA:148,0
DA:150,0
DA:152,0
DA:157,0
DA:158,0
DA:162,0
DA:163,0
DA:164,0
DA:165,0
DA:167,0
DA:173,0
DA:174,0
DA:176,0
DA:177,0
DA:180,0
DA:181,0
DA:182,0
DA:184,0
DA:185,0
DA:189,0
DA:190,0
DA:191,0
DA:193,0
DA:202,0
DA:205,0
DA:257,0
DA:277,0
DA:284,0
DA:332,0
LF:36
LH:0
BRDA:152,0,0,0
BRDA:152,0,1,0
BRDA:157,1,0,0
BRDA:157,1,1,0
BRDA:158,2,0,0
BRDA:158,2,1,0
BRDA:162,3,0,0
BRDA:162,3,1,0
BRDA:165,4,0,0
BRDA:165,4,1,0
BRDA:167,5,0,0
BRDA:167,5,1,0
BRDA:181,6,0,0
BRDA:181,6,1,0
BRDA:182,7,0,0
BRDA:182,7,1,0
BRDA:292,8,0,0
BRDA:292,8,1,0
BRDA:292,9,0,0
BRDA:292,9,1,0
BRDA:309,10,0,0
BRDA:309,10,1,0
BRDA:309,11,0,0
BRDA:309,11,1,0
BRF:24
BRH:0
end_of_record
TN:
SF:src\components\tables\DataTables\TableOne\PaginationWithIcon.tsx
FN:11,PaginationWithIcon
FN:18,(anonymous_1)
FN:24,(anonymous_2)
FN:44,(anonymous_3)
FN:47,(anonymous_4)
FN:59,(anonymous_5)
FN:70,(anonymous_6)
FN:93,(anonymous_7)
FNF:8
FNH:0
FNDA:0,PaginationWithIcon
FNDA:0,(anonymous_1)
FNDA:0,(anonymous_2)
FNDA:0,(anonymous_3)
FNDA:0,(anonymous_4)
FNDA:0,(anonymous_5)
FNDA:0,(anonymous_6)
FNDA:0,(anonymous_7)
DA:16,0
DA:18,0
DA:19,0
DA:20,0
DA:21,0
DA:24,0
DA:25,0
DA:26,0
DA:27,0
DA:29,0
DA:30,0
DA:31,0
DA:34,0
DA:35,0
DA:37,0
DA:38,0
DA:41,0
DA:44,0
DA:45,0
DA:47,0
DA:59,0
DA:60,0
DA:67,0
DA:70,0
DA:93,0
LF:25
LH:0
BRDA:13,0,0,0
BRDA:19,1,0,0
BRDA:19,1,1,0
BRDA:19,2,0,0
BRDA:19,2,1,0
BRDA:21,3,0,0
BRDA:21,3,1,0
BRDA:21,4,0,0
BRDA:21,4,1,0
BRDA:34,5,0,0
BRDA:34,5,1,0
BRDA:37,6,0,0
BRDA:37,6,1,0
BRDA:49,7,0,0
BRDA:49,7,1,0
BRF:15
BRH:0
end_of_record
TN:
SF:src\components\tables\DataTables\TableThree\DataTableThree.tsx
FN:129,DataTableThree
FN:147,(anonymous_1)
FN:155,(anonymous_2)
FN:502,(anonymous_3)
FNF:4
FNH:0
FNDA:0,DataTableThree
FNDA:0,(anonymous_1)
FNDA:0,(anonymous_2)
FNDA:0,(anonymous_3)
DA:15,0
DA:130,0
DA:132,0
DA:133,0
DA:135,0
DA:137,0
DA:143,0
DA:144,0
DA:145,0
DA:147,0
DA:149,0
DA:150,0
DA:155,0
DA:158,0
DA:159,0
DA:160,0
DA:163,0
DA:503,0
LF:18
LH:0
BRDA:149,0,0,0
BRDA:149,0,1,0
BRDA:149,1,0,0
BRDA:149,1,1,0
BRDA:532,2,0,0
BRDA:532,2,1,0
BRDA:534,3,0,0
BRDA:534,3,1,0
BRF:8
BRH:0
end_of_record
TN:
SF:src\components\tables\DataTables\TableThree\Pagination.tsx
FN:7,(anonymous_0)
FN:14,(anonymous_1)
FN:20,(anonymous_2)
FN:28,(anonymous_3)
FN:31,(anonymous_4)
FN:44,(anonymous_5)
FNF:6
FNH:0
FNDA:0,(anonymous_0)
FNDA:0,(anonymous_1)
FNDA:0,(anonymous_2)
FNDA:0,(anonymous_3)
FNDA:0,(anonymous_4)
FNDA:0,(anonymous_5)
DA:7,0
DA:12,0
DA:14,0
DA:17,0
DA:20,0
DA:29,0
DA:31,0
DA:44,0
LF:8
LH:0
BRDA:27,0,0,0
BRDA:27,0,1,0
BRDA:33,1,0,0
BRDA:33,1,1,0
BRDA:41,2,0,0
BRDA:41,2,1,0
BRF:6
BRH:0
end_of_record
TN:
SF:src\components\tables\DataTables\TableTwo\DataTableTwo.tsx
FN:109,DataTableTwo
FN:116,(anonymous_1)
FN:118,(anonymous_2)
FN:120,(anonymous_3)
FN:125,(anonymous_4)
FN:140,(anonymous_5)
FN:144,(anonymous_6)
FN:166,(anonymous_7)
FN:168,(anonymous_8)
FN:221,(anonymous_9)
FN:240,(anonymous_10)
FN:248,(anonymous_11)
FN:303,(anonymous_12)
FNF:13
FNH:0
FNDA:0,DataTableTwo
FNDA:0,(anonymous_1)
FNDA:0,(anonymous_2)
FNDA:0,(anonymous_3)
FNDA:0,(anonymous_4)
FNDA:0,(anonymous_5)
FNDA:0,(anonymous_6)
FNDA:0,(anonymous_7)
FNDA:0,(anonymous_8)
FNDA:0,(anonymous_9)
FNDA:0,(anonymous_10)
FNDA:0,(anonymous_11)
FNDA:0,(anonymous_12)
DA:14,0
DA:110,0
DA:111,0
DA:112,0
DA:113,0
DA:114,0
DA:116,0
DA:117,0
DA:119,0
DA:121,0
DA:126,0
DA:127,0
DA:128,0
DA:129,0
DA:131,0
DA:137,0
DA:138,0
DA:140,0
DA:141,0
DA:144,0
DA:145,0
DA:146,0
DA:148,0
DA:149,0
DA:153,0
DA:154,0
DA:155,0
DA:157,0
DA:166,0
DA:169,0
DA:221,0
DA:241,0
DA:248,0
DA:304,0
LF:34
LH:0
BRDA:121,0,0,0
BRDA:121,0,1,0
BRDA:126,1,0,0
BRDA:126,1,1,0
BRDA:129,2,0,0
BRDA:129,2,1,0
BRDA:131,3,0,0
BRDA:131,3,1,0
BRDA:145,4,0,0
BRDA:145,4,1,0
BRDA:146,5,0,0
BRDA:146,5,1,0
BRDA:256,6,0,0
BRDA:256,6,1,0
BRDA:256,7,0,0
BRDA:256,7,1,0
BRDA:273,8,0,0
BRDA:273,8,1,0
BRDA:273,9,0,0
BRDA:273,9,1,0
BRF:20
BRH:0
end_of_record
TN:
SF:src\components\tables\DataTables\TableTwo\PaginationWithButton.tsx
FN:11,PaginationWithButton
FN:18,(anonymous_1)
FN:24,(anonymous_2)
FN:44,(anonymous_3)
FN:47,(anonymous_4)
FN:59,(anonymous_5)
FN:70,(anonymous_6)
FN:80,(anonymous_7)
FNF:8
FNH:0
FNDA:0,PaginationWithButton
FNDA:0,(anonymous_1)
FNDA:0,(anonymous_2)
FNDA:0,(anonymous_3)
FNDA:0,(anonymous_4)
FNDA:0,(anonymous_5)
FNDA:0,(anonymous_6)
FNDA:0,(anonymous_7)
DA:16,0
DA:18,0
DA:19,0
DA:20,0
DA:21,0
DA:24,0
DA:25,0
DA:26,0
DA:27,0
DA:29,0
DA:30,0
DA:31,0
DA:34,0
DA:35,0
DA:37,0
DA:38,0
DA:41,0
DA:44,0
DA:45,0
DA:47,0
DA:59,0
DA:60,0
DA:67,0
DA:70,0
DA:80,0
LF:25
LH:0
BRDA:13,0,0,0
BRDA:19,1,0,0
BRDA:19,1,1,0
BRDA:19,2,0,0
BRDA:19,2,1,0
BRDA:21,3,0,0
BRDA:21,3,1,0
BRDA:21,4,0,0
BRDA:21,4,1,0
BRDA:34,5,0,0
BRDA:34,5,1,0
BRDA:37,6,0,0
BRDA:37,6,1,0
BRDA:49,7,0,0
BRDA:49,7,1,0
BRF:15
BRH:0
end_of_record
TN:
SF:src\components\task\TaskHeader.tsx
FN:9,TaskHeader
FN:20,(anonymous_1)
FN:28,(anonymous_2)
FN:31,(anonymous_3)
FNF:4
FNH:0
FNDA:0,TaskHeader
FNDA:0,(anonymous_1)
FNDA:0,(anonymous_2)
FNDA:0,(anonymous_3)
DA:10,0
DA:11,0
DA:12,0
DA:14,0
DA:20,0
DA:21,0
DA:23,0
DA:29,0
DA:31,0
LF:9
LH:0
BRDA:33,0,0,0
BRDA:33,0,1,0
BRDA:41,1,0,0
BRDA:41,1,1,0
BRF:4
BRH:0
end_of_record
TN:
SF:src\components\task\kanban\Column.tsx
FN:16,(anonymous_0)
FN:25,toggleDropdown
FN:29,closeDropdown
FN:84,(anonymous_3)
FNF:4
FNH:0
FNDA:0,(anonymous_0)
FNDA:0,toggleDropdown
FNDA:0,closeDropdown
FNDA:0,(anonymous_3)
DA:16,0
DA:23,0
DA:26,0
DA:30,0
DA:32,0
DA:85,0
LF:6
LH:0
BRDA:41,0,0,0
BRDA:41,0,1,0
BRDA:43,1,0,0
BRDA:43,1,1,0
BRDA:45,2,0,0
BRDA:45,2,1,0
BRF:6
BRH:0
end_of_record
TN:
SF:src\components\task\kanban\KanbanBoard.tsx
FN:116,(anonymous_0)
FN:119,(anonymous_1)
FN:120,(anonymous_2)
FN:129,(anonymous_3)
FN:130,(anonymous_4)
FN:131,(anonymous_5)
FN:142,(anonymous_6)
FN:149,(anonymous_7)
FN:156,(anonymous_8)
FNF:9
FNH:0
FNDA:0,(anonymous_0)
FNDA:0,(anonymous_1)
FNDA:0,(anonymous_2)
FNDA:0,(anonymous_3)
FNDA:0,(anonymous_4)
FNDA:0,(anonymous_5)
FNDA:0,(anonymous_6)
FNDA:0,(anonymous_7)
FNDA:0,(anonymous_8)
DA:7,0
DA:116,0
DA:117,0
DA:119,0
DA:120,0
DA:121,0
DA:122,0
DA:123,0
DA:124,0
DA:125,0
DA:129,0
DA:130,0
DA:131,0
DA:132,0
DA:137,0
DA:142,0
DA:149,0
DA:156,0
LF:18
LH:0
BRDA:132,0,0,0
BRDA:132,0,1,0
BRF:2
BRH:0
end_of_record
TN:
SF:src\components\task\kanban\TaskItem.tsx
FN:12,(anonymous_0)
FN:26,(anonymous_1)
FN:31,(anonymous_2)
FN:32,(anonymous_3)
FN:68,(anonymous_4)
FN:71,(anonymous_5)
FN:74,(anonymous_6)
FN:185,(anonymous_7)
FNF:8
FNH:0
FNDA:0,(anonymous_0)
FNDA:0,(anonymous_1)
FNDA:0,(anonymous_2)
FNDA:0,(anonymous_3)
FNDA:0,(anonymous_4)
FNDA:0,(anonymous_5)
FNDA:0,(anonymous_6)
FNDA:0,(anonymous_7)
DA:12,0
DA:18,0
DA:20,0
DA:27,0
DA:31,0
DA:33,0
DA:34,0
DA:36,0
DA:37,0
DA:39,0
DA:40,0
DA:43,0
DA:45,0
DA:46,0
DA:47,0
DA:49,0
DA:50,0
DA:53,0
DA:54,0
DA:57,0
DA:58,0
DA:62,0
DA:69,0
DA:71,0
DA:75,0
DA:76,0
DA:77,0
DA:82,0
DA:83,0
DA:85,0
DA:185,0
DA:186,0
DA:188,0
DA:190,0
DA:192,0
DA:194,0
DA:196,0
DA:198,0
LF:38
LH:0
BRDA:33,0,0,0
BRDA:33,0,1,0
BRDA:39,1,0,0
BRDA:39,1,1,0
BRDA:43,2,0,0
BRDA:43,2,1,0
BRDA:43,3,0,0
BRDA:43,3,1,0
BRDA:49,4,0,0
BRDA:49,4,1,0
BRDA:49,5,0,0
BRDA:49,5,1,0
BRDA:53,6,0,0
BRDA:53,6,1,0
BRDA:53,7,0,0
BRDA:53,7,1,0
BRDA:76,8,0,0
BRDA:76,8,1,0
BRDA:82,9,0,0
BRDA:82,9,1,0
BRDA:97,10,0,0
BRDA:97,10,1,0
BRDA:102,11,0,0
BRDA:102,11,1,0
BRDA:148,12,0,0
BRDA:148,12,1,0
BRDA:186,13,0,0
BRDA:186,13,1,0
BRDA:186,13,2,0
BRDA:186,13,3,0
BRDA:186,13,4,0
BRDA:186,13,5,0
BRF:32
BRH:0
end_of_record
TN:
SF:src\components\task\task-list\TaskItem.tsx
FN:8,(anonymous_0)
FNF:1
FNH:0
FNDA:0,(anonymous_0)
DA:8,0
DA:19,0
LF:2
LH:0
BRDA:58,0,0,0
BRDA:58,0,1,0
BRDA:84,1,0,0
BRDA:84,1,1,0
BRF:4
BRH:0
end_of_record
TN:
SF:src\components\task\task-list\TaskLane.tsx
FN:17,(anonymous_0)
FN:26,toggleDropdown
FN:30,closeDropdown
FN:86,(anonymous_3)
FN:90,(anonymous_4)
FNF:5
FNH:0
FNDA:0,(anonymous_0)
FNDA:0,toggleDropdown
FNDA:0,closeDropdown
FNDA:0,(anonymous_3)
FNDA:0,(anonymous_4)
DA:17,0
DA:24,0
DA:27,0
DA:31,0
DA:33,0
DA:87,0
DA:90,0
LF:7
LH:0
BRDA:42,0,0,0
BRDA:42,0,1,0
BRDA:44,1,0,0
BRDA:44,1,1,0
BRDA:46,2,0,0
BRDA:46,2,1,0
BRF:6
BRH:0
end_of_record
TN:
SF:src\components\task\task-list\TaskListPage.tsx
FN:16,(anonymous_0)
FN:27,(anonymous_1)
FN:38,(anonymous_2)
FN:49,(anonymous_3)
FN:59,(anonymous_4)
FN:69,(anonymous_5)
FN:79,(anonymous_6)
FN:90,(anonymous_7)
FN:101,(anonymous_8)
FN:112,(anonymous_9)
FN:123,(anonymous_10)
FN:129,TaskList
FN:131,(anonymous_12)
FN:133,(anonymous_13)
FN:138,(anonymous_14)
FN:145,(anonymous_15)
FN:149,(anonymous_16)
FN:153,(anonymous_17)
FN:158,(anonymous_18)
FN:159,(anonymous_19)
FN:162,(anonymous_20)
FN:171,(anonymous_21)
FN:182,(anonymous_22)
FN:183,(anonymous_23)
FN:184,(anonymous_24)
FN:196,(anonymous_25)
FN:200,(anonymous_26)
FN:202,(anonymous_27)
FNF:28
FNH:0
FNDA:0,(anonymous_0)
FNDA:0,(anonymous_1)
FNDA:0,(anonymous_2)
FNDA:0,(anonymous_3)
FNDA:0,(anonymous_4)
FNDA:0,(anonymous_5)
FNDA:0,(anonymous_6)
FNDA:0,(anonymous_7)
FNDA:0,(anonymous_8)
FNDA:0,(anonymous_9)
FNDA:0,(anonymous_10)
FNDA:0,TaskList
FNDA:0,(anonymous_12)
FNDA:0,(anonymous_13)
FNDA:0,(anonymous_14)
FNDA:0,(anonymous_15)
FNDA:0,(anonymous_16)
FNDA:0,(anonymous_17)
FNDA:0,(anonymous_18)
FNDA:0,(anonymous_19)
FNDA:0,(anonymous_20)
FNDA:0,(anonymous_21)
FNDA:0,(anonymous_22)
FNDA:0,(anonymous_23)
FNDA:0,(anonymous_24)
FNDA:0,(anonymous_25)
FNDA:0,(anonymous_26)
FNDA:0,(anonymous_27)
DA:6,0
DA:127,0
DA:130,0
DA:131,0
DA:133,0
DA:136,0
DA:138,0
DA:142,0
DA:145,0
DA:146,0
DA:149,0
DA:150,0
DA:151,0
DA:153,0
DA:154,0
DA:158,0
DA:159,0
DA:161,0
DA:162,0
DA:163,0
DA:164,0
DA:165,0
DA:166,0
DA:167,0
DA:170,0
DA:171,0
DA:172,0
DA:173,0
DA:174,0
DA:178,0
DA:179,0
DA:182,0
DA:183,0
DA:184,0
DA:185,0
DA:190,0
DA:197,0
DA:200,0
DA:202,0
LF:39
LH:0
BRDA:151,0,0,0
BRDA:151,0,1,0
BRDA:154,1,0,0
BRDA:154,1,1,0
BRDA:164,2,0,0
BRDA:164,2,1,0
BRDA:170,3,0,0
BRDA:170,3,1,0
BRDA:172,4,0,0
BRDA:172,4,1,0
BRDA:185,5,0,0
BRDA:185,5,1,0
BRF:12
BRH:0
end_of_record
TN:
SF:src\components\ui\alert\Alert.tsx
FN:12,(anonymous_0)
FNF:1
FNH:0
FNDA:0,(anonymous_0)
DA:12,0
DA:21,0
DA:45,0
DA:114,0
LF:4
LH:0
BRDA:16,0,0,0
BRDA:17,1,0,0
BRDA:18,2,0,0
BRDA:130,3,0,0
BRDA:130,3,1,0
BRF:5
BRH:0
end_of_record
TN:
SF:src\components\ui\avatar\Avatar.tsx
FN:32,(anonymous_0)
FNF:1
FNH:0
FNDA:0,(anonymous_0)
DA:8,0
DA:17,0
DA:26,0
DA:32,0
DA:38,0
LF:5
LH:0
BRDA:34,0,0,0
BRDA:35,1,0,0
BRDA:36,2,0,0
BRDA:44,3,0,0
BRDA:44,3,1,0
BRDA:48,4,0,0
BRDA:48,4,1,0
BRF:7
BRH:0
end_of_record
TN:
SF:src\components\ui\avatar\AvatarText.tsx
FN:6,(anonymous_0)
FN:10,(anonymous_1)
FN:16,(anonymous_2)
FN:30,(anonymous_3)
FNF:4
FNH:0
FNDA:0,(anonymous_0)
FNDA:0,(anonymous_1)
FNDA:0,(anonymous_2)
FNDA:0,(anonymous_3)
DA:6,0
DA:8,0
DA:10,0
DA:16,0
DA:17,0
DA:28,0
DA:30,0
DA:31,0
DA:34,0
LF:9
LH:0
BRDA:6,0,0,0
BRF:1
BRH:0
end_of_record
TN:
SF:src\components\ui\badge\Badge.tsx
FN:21,(anonymous_0)
FNF:1
FNH:0
FNDA:0,(anonymous_0)
DA:21,0
DA:30,0
DA:33,0
DA:39,0
DA:65,0
DA:66,0
DA:68,0
LF:7
LH:0
BRDA:22,0,0,0
BRDA:23,1,0,0
BRDA:24,2,0,0
BRDA:70,3,0,0
BRDA:70,3,1,0
BRDA:72,4,0,0
BRDA:72,4,1,0
BRF:7
BRH:0
end_of_record
TN:
SF:src\components\ui\breadcrumb\AngleDividerBreadCrumb.tsx
FN:4,AngleDividerBreadCrumb
FNF:1
FNH:0
FNDA:0,AngleDividerBreadCrumb
DA:5,0
LF:1
LH:0
BRF:0
BRH:0
end_of_record
TN:
SF:src\components\ui\breadcrumb\BreadCrumbWithIcon.tsx
FN:4,BreadCrumbWithIcon
FNF:1
FNH:0
FNDA:0,BreadCrumbWithIcon
DA:5,0
LF:1
LH:0
BRF:0
BRH:0
end_of_record
TN:
SF:src\components\ui\breadcrumb\DefaultBreadCrumbExample.tsx
FN:4,DefaultBreadCrumbExample
FNF:1
FNH:0
FNDA:0,DefaultBreadCrumbExample
DA:5,0
LF:1
LH:0
BRF:0
BRH:0
end_of_record
TN:
SF:src\components\ui\breadcrumb\DottedDividerBreadcrumb.tsx
FN:4,DottedDividerBreadcrumb
FNF:1
FNH:0
FNDA:0,DottedDividerBreadcrumb
DA:5,0
LF:1
LH:0
BRF:0
BRH:0
end_of_record
TN:
SF:src\components\ui\button\Button.tsx
FN:15,(anonymous_1)
FNF:1
FNH:0
FNDA:0,(anonymous_1)
DA:15,0
DA:24,0
DA:25,0
DA:28,0
DA:34,0
DA:41,0
LF:6
LH:0
BRDA:17,0,0,0
BRDA:18,1,0,0
BRDA:22,2,0,0
BRDA:23,3,0,0
BRDA:24,4,0,0
BRDA:46,5,0,0
BRDA:46,5,1,0
BRDA:53,6,0,0
BRDA:53,6,1,0
BRDA:55,7,0,0
BRDA:55,7,1,0
BRF:11
BRH:0
end_of_record
TN:
SF:src\components\ui\buttons-group\ButtonGroupWithLeftIcon.tsx
FN:1,ButtonGroupWithLeftIcon
FNF:1
FNH:0
FNDA:0,ButtonGroupWithLeftIcon
DA:2,0
LF:1
LH:0
BRF:0
BRH:0
end_of_record
TN:
SF:src\components\ui\buttons-group\ButtonGroupWithRightIcon.tsx
FN:1,ButtonGroupWithRightIcon
FNF:1
FNH:0
FNDA:0,ButtonGroupWithRightIcon
DA:2,0
LF:1
LH:0
BRF:0
BRH:0
end_of_record
TN:
SF:src\components\ui\buttons-group\PrimaryButtonGroup.tsx
FN:1,PrimaryButtonGroup
FNF:1
FNH:0
FNDA:0,PrimaryButtonGroup
DA:2,0
LF:1
LH:0
BRF:0
BRH:0
end_of_record
TN:
SF:src\components\ui\buttons-group\SecondaryButtonGroup.tsx
FN:1,SecondaryButtonGroup
FNF:1
FNH:0
FNDA:0,SecondaryButtonGroup
DA:2,0
LF:1
LH:0
BRF:0
BRH:0
end_of_record
TN:
SF:src\components\ui\buttons-group\SecondaryButtonGroupWithLeftIcon.tsx
FN:1,SecondaryButtonGroupWithLeftIcon
FNF:1
FNH:0
FNDA:0,SecondaryButtonGroupWithLeftIcon
DA:2,0
LF:1
LH:0
BRF:0
BRH:0
end_of_record
TN:
SF:src\components\ui\buttons-group\SecondaryButtonGroupWithRightIcon.tsx
FN:1,SecondaryButtonGroupWithRightIcon
FNF:1
FNH:0
FNDA:0,SecondaryButtonGroupWithRightIcon
DA:2,0
LF:1
LH:0
BRF:0
BRH:0
end_of_record
TN:
SF:src\components\ui\buttons-group\index.tsx
FN:9,ButtonGroupExample
FNF:1
FNH:0
FNDA:0,ButtonGroupExample
DA:10,0
LF:1
LH:0
BRF:0
BRH:0
end_of_record
TN:
SF:src\components\ui\card\index.tsx
FN:17,(anonymous_0)
FN:26,(anonymous_1)
FN:35,(anonymous_2)
FNF:3
FNH:0
FNDA:0,(anonymous_0)
FNDA:0,(anonymous_1)
FNDA:0,(anonymous_2)
DA:17,0
DA:18,0
DA:26,0
DA:27,0
DA:35,0
DA:36,0
LF:6
LH:0
BRF:0
BRH:0
end_of_record
TN:
SF:src\components\ui\carousel\SlideOnly.tsx
FN:19,SlideOnly
FN:30,(anonymous_1)
FNF:2
FNH:0
FNDA:0,SlideOnly
FNDA:0,(anonymous_1)
DA:4,0
DA:20,0
DA:27,0
DA:31,0
LF:4
LH:0
BRF:0
BRH:0
end_of_record
TN:
SF:src\components\ui\carousel\WithControl.tsx
FN:19,WithControl
FN:35,(anonymous_1)
FNF:2
FNH:0
FNDA:0,WithControl
FNDA:0,(anonymous_1)
DA:4,0
DA:20,0
DA:31,0
DA:36,0
LF:4
LH:0
BRF:0
BRH:0
end_of_record
TN:
SF:src\components\ui\carousel\WithControlAndIndicators.tsx
FN:18,WithControlAndIndicators
FN:38,(anonymous_1)
FNF:2
FNH:0
FNDA:0,WithControlAndIndicators
FNDA:0,(anonymous_1)
DA:4,0
DA:19,0
DA:34,0
DA:39,0
LF:4
LH:0
BRF:0
BRH:0
end_of_record
TN:
SF:src\components\ui\carousel\WithIndicators.tsx
FN:17,WithIndicators
FN:33,(anonymous_1)
FNF:2
FNH:0
FNDA:0,WithIndicators
FNDA:0,(anonymous_1)
DA:3,0
DA:18,0
DA:29,0
DA:34,0
LF:4
LH:0
BRF:0
BRH:0
end_of_record
TN:
SF:src\components\ui\dropdown\AccountMenuDropdown.tsx
FN:5,(anonymous_0)
FN:8,toggleDropdown
FN:12,closeDropdown
FNF:3
FNH:0
FNDA:0,(anonymous_0)
FNDA:0,toggleDropdown
FNDA:0,closeDropdown
DA:5,0
DA:6,0
DA:9,0
DA:13,0
DA:16,0
LF:5
LH:0
BRDA:25,0,0,0
BRDA:25,0,1,0
BRF:2
BRH:0
end_of_record
TN:
SF:src\components\ui\dropdown\Dropdown.tsx
FN:11,(anonymous_0)
FN:19,(anonymous_1)
FN:20,(anonymous_2)
FN:31,(anonymous_3)
FNF:4
FNH:0
FNDA:0,(anonymous_0)
FNDA:0,(anonymous_1)
FNDA:0,(anonymous_2)
FNDA:0,(anonymous_3)
DA:11,0
DA:17,0
DA:19,0
DA:20,0
DA:21,0
DA:26,0
DA:30,0
DA:31,0
DA:32,0
DA:36,0
DA:38,0
LF:11
LH:0
BRDA:15,0,0,0
BRDA:21,1,0,0
BRDA:21,1,1,0
BRDA:22,2,0,0
BRDA:22,2,1,0
BRDA:22,2,2,0
BRDA:36,3,0,0
BRDA:36,3,1,0
BRF:8
BRH:0
end_of_record
TN:
SF:src\components\ui\dropdown\DropdownItem.tsx
FN:14,(anonymous_0)
FN:25,(anonymous_1)
FNF:2
FNH:0
FNDA:0,(anonymous_0)
FNDA:0,(anonymous_1)
DA:14,0
DA:23,0
DA:25,0
DA:26,0
DA:27,0
DA:29,0
DA:30,0
DA:33,0
DA:34,0
DA:41,0
LF:10
LH:0
BRDA:15,0,0,0
BRDA:19,1,0,0
BRDA:20,2,0,0
BRDA:26,3,0,0
BRDA:26,3,1,0
BRDA:29,4,0,0
BRDA:29,4,1,0
BRDA:30,5,0,0
BRDA:30,5,1,0
BRDA:33,6,0,0
BRDA:33,6,1,0
BRDA:33,7,0,0
BRDA:33,7,1,0
BRF:13
BRH:0
end_of_record
TN:
SF:src\components\ui\dropdown\DropdownWithDivider.tsx
FN:5,DropdownWithDivider
FN:8,toggleDropdown
FN:12,closeDropdown
FNF:3
FNH:0
FNDA:0,DropdownWithDivider
FNDA:0,toggleDropdown
FNDA:0,closeDropdown
DA:6,0
DA:9,0
DA:13,0
DA:16,0
LF:4
LH:0
BRDA:25,0,0,0
BRDA:25,0,1,0
BRF:2
BRH:0
end_of_record
TN:
SF:src\components\ui\dropdown\DropdownWithIcon.tsx
FN:5,DropdownWithIcon
FN:8,toggleDropdown
FN:12,closeDropdown
FNF:3
FNH:0
FNDA:0,DropdownWithIcon
FNDA:0,toggleDropdown
FNDA:0,closeDropdown
DA:6,0
DA:9,0
DA:13,0
DA:15,0
LF:4
LH:0
BRDA:24,0,0,0
BRDA:24,0,1,0
BRF:2
BRH:0
end_of_record
TN:
SF:src\components\ui\dropdown\DropdownWithIconAndDivider.tsx
FN:5,DropdownWithIconAndDivider
FN:8,toggleDropdown
FN:12,closeDropdown
FNF:3
FNH:0
FNDA:0,DropdownWithIconAndDivider
FNDA:0,toggleDropdown
FNDA:0,closeDropdown
DA:6,0
DA:9,0
DA:13,0
DA:15,0
LF:4
LH:0
BRDA:24,0,0,0
BRDA:24,0,1,0
BRF:2
BRH:0
end_of_record
TN:
SF:src\components\ui\images\ResponsiveImage.tsx
FN:1,ResponsiveImage
FNF:1
FNH:0
FNDA:0,ResponsiveImage
DA:2,0
LF:1
LH:0
BRF:0
BRH:0
end_of_record
TN:
SF:src\components\ui\images\ThreeColumnImageGrid.tsx
FN:1,ThreeColumnImageGrid
FNF:1
FNH:0
FNDA:0,ThreeColumnImageGrid
DA:2,0
LF:1
LH:0
BRF:0
BRH:0
end_of_record
TN:
SF:src\components\ui\images\TwoColumnImageGrid.tsx
FN:1,TwoColumnImageGrid
FNF:1
FNH:0
FNDA:0,TwoColumnImageGrid
DA:2,0
LF:1
LH:0
BRF:0
BRH:0
end_of_record
TN:
SF:src\components\ui\input\Input.tsx
FN:11,(anonymous_1)
FNF:1
FNH:0
FNDA:0,(anonymous_1)
DA:10,0
DA:11,0
DA:12,0
DA:36,0
LF:4
LH:0
BRDA:11,0,0,0
BRDA:14,1,0,0
BRDA:14,1,1,0
BRDA:17,2,0,0
BRDA:17,2,1,0
BRDA:23,3,0,0
BRDA:23,3,1,0
BRDA:27,4,0,0
BRDA:27,4,1,0
BRDA:28,5,0,0
BRDA:28,5,1,0
BRDA:28,5,2,0
BRF:12
BRH:0
end_of_record
TN:
SF:src\components\ui\link\index.tsx
FN:19,(anonymous_0)
FNF:1
FNH:0
FNDA:0,(anonymous_0)
DA:19,0
DA:28,0
DA:31,0
DA:42,0
DA:47,0
DA:54,0
DA:56,0
LF:7
LH:0
BRDA:22,0,0,0
BRDA:23,1,0,0
BRDA:25,2,0,0
BRDA:42,3,0,0
BRDA:42,3,1,0
BRDA:47,4,0,0
BRDA:47,4,1,0
BRDA:48,5,0,0
BRDA:48,5,1,0
BRDA:49,6,0,0
BRDA:49,6,1,0
BRDA:54,7,0,0
BRDA:54,7,1,0
BRF:13
BRH:0
end_of_record
TN:
SF:src\components\ui\modal\index.tsx
FN:13,(anonymous_0)
FN:23,(anonymous_1)
FN:24,(anonymous_2)
FN:34,(anonymous_3)
FN:39,(anonymous_4)
FN:46,(anonymous_5)
FN:68,(anonymous_6)
FNF:7
FNH:0
FNDA:0,(anonymous_0)
FNDA:0,(anonymous_1)
FNDA:0,(anonymous_2)
FNDA:0,(anonymous_3)
FNDA:0,(anonymous_4)
FNDA:0,(anonymous_5)
FNDA:0,(anonymous_6)
DA:13,0
DA:21,0
DA:23,0
DA:24,0
DA:25,0
DA:26,0
DA:30,0
DA:31,0
DA:34,0
DA:35,0
DA:39,0
DA:40,0
DA:41,0
DA:43,0
DA:46,0
DA:47,0
DA:51,0
DA:53,0
DA:57,0
DA:68,0
LF:20
LH:0
BRDA:18,0,0,0
BRDA:19,1,0,0
BRDA:25,2,0,0
BRDA:25,2,1,0
BRDA:30,3,0,0
BRDA:30,3,1,0
BRDA:40,4,0,0
BRDA:40,4,1,0
BRDA:51,5,0,0
BRDA:51,5,1,0
BRDA:53,6,0,0
BRDA:53,6,1,0
BRDA:59,7,0,0
BRDA:59,7,1,0
BRDA:70,8,0,0
BRDA:70,8,1,0
BRF:16
BRH:0
end_of_record
TN:
SF:src\components\ui\notification\CookieConsent.tsx
FN:11,(anonymous_0)
FN:20,(anonymous_1)
FN:57,(anonymous_2)
FN:67,(anonymous_3)
FNF:4
FNH:0
FNDA:0,(anonymous_0)
FNDA:0,(anonymous_1)
FNDA:0,(anonymous_2)
FNDA:0,(anonymous_3)
DA:11,0
DA:17,0
DA:20,0
DA:23,0
DA:25,0
DA:58,0
DA:59,0
DA:68,0
DA:69,0
LF:9
LH:0
BRDA:23,0,0,0
BRDA:23,0,1,0
BRDA:58,1,0,0
BRDA:58,1,1,0
BRDA:58,2,0,0
BRDA:58,2,1,0
BRDA:68,3,0,0
BRDA:68,3,1,0
BRDA:68,4,0,0
BRDA:68,4,1,0
BRF:10
BRH:0
end_of_record
TN:
SF:src\components\ui\notification\Notfication.tsx
FN:18,(anonymous_0)
FN:53,(anonymous_1)
FN:62,(anonymous_2)
FNF:3
FNH:0
FNDA:0,(anonymous_0)
FNDA:0,(anonymous_1)
FNDA:0,(anonymous_2)
DA:18,0
DA:25,0
DA:28,0
DA:51,0
DA:53,0
DA:55,0
DA:56,0
DA:57,0
DA:61,0
DA:62,0
DA:63,0
DA:67,0
DA:69,0
LF:13
LH:0
BRDA:22,0,0,0
BRDA:55,1,0,0
BRDA:55,1,1,0
BRDA:67,2,0,0
BRDA:67,2,1,0
BRDA:86,3,0,0
BRDA:86,3,1,0
BRF:7
BRH:0
end_of_record
TN:
SF:src\components\ui\notification\UpdateNotification.tsx
FN:10,(anonymous_0)
FNF:1
FNH:0
FNDA:0,(anonymous_0)
DA:10,0
DA:16,0
LF:2
LH:0
BRF:0
BRH:0
end_of_record
TN:
SF:src\components\ui\pagination\PaginationWithIcon.tsx
FN:1,PaginationWithIcon
FNF:1
FNH:0
FNDA:0,PaginationWithIcon
DA:2,0
LF:1
LH:0
BRF:0
BRH:0
end_of_record
TN:
SF:src\components\ui\pagination\PaginationWithText.tsx
FN:9,PaginationWithText
FN:16,(anonymous_1)
FN:22,(anonymous_2)
FN:51,(anonymous_3)
FN:55,(anonymous_4)
FN:70,(anonymous_5)
FN:81,(anonymous_6)
FN:114,(anonymous_7)
FNF:8
FNH:0
FNDA:0,PaginationWithText
FNDA:0,(anonymous_1)
FNDA:0,(anonymous_2)
FNDA:0,(anonymous_3)
FNDA:0,(anonymous_4)
FNDA:0,(anonymous_5)
FNDA:0,(anonymous_6)
FNDA:0,(anonymous_7)
DA:14,0
DA:16,0
DA:17,0
DA:18,0
DA:19,0
DA:22,0
DA:23,0
DA:24,0
DA:26,0
DA:27,0
DA:28,0
DA:31,0
DA:32,0
DA:34,0
DA:35,0
DA:37,0
DA:38,0
DA:40,0
DA:41,0
DA:44,0
DA:45,0
DA:48,0
DA:51,0
DA:52,0
DA:56,0
DA:57,0
DA:70,0
DA:71,0
DA:78,0
DA:81,0
DA:114,0
LF:31
LH:0
BRDA:11,0,0,0
BRDA:17,1,0,0
BRDA:17,1,1,0
BRDA:17,2,0,0
BRDA:17,2,1,0
BRDA:19,3,0,0
BRDA:19,3,1,0
BRDA:19,4,0,0
BRDA:19,4,1,0
BRDA:26,5,0,0
BRDA:26,5,1,0
BRDA:32,6,0,0
BRDA:32,6,1,0
BRDA:37,7,0,0
BRDA:37,7,1,0
BRDA:38,8,0,0
BRDA:38,8,1,0
BRDA:44,9,0,0
BRDA:44,9,1,0
BRDA:60,10,0,0
BRDA:60,10,1,0
BRF:21
BRH:0
end_of_record
TN:
SF:src\components\ui\pagination\PaginationWithTextAndIcon.tsx
FN:1,PaginationWithTextAndIcon
FNF:1
FNH:0
FNDA:0,PaginationWithTextAndIcon
DA:2,0
LF:1
LH:0
BRF:0
BRH:0
end_of_record
TN:
SF:src\components\ui\pagination\index.tsx
FN:6,PaginationExample
FN:7,(anonymous_1)
FNF:2
FNH:0
FNDA:0,PaginationExample
FNDA:0,(anonymous_1)
DA:7,0
DA:8,0
DA:11,0
LF:3
LH:0
BRF:0
BRH:0
end_of_record
TN:
SF:src\components\ui\popover\DefaultPopover.tsx
FN:4,DefaultPopover
FNF:1
FNH:0
FNDA:0,DefaultPopover
DA:5,0
LF:1
LH:0
BRF:0
BRH:0
end_of_record
TN:
SF:src\components\ui\popover\Popover.tsx
FN:11,Popover
FN:16,(anonymous_1)
FN:17,handleClickOutside
FN:29,(anonymous_3)
FN:34,(anonymous_4)
FNF:5
FNH:0
FNDA:0,Popover
FNDA:0,(anonymous_1)
FNDA:0,handleClickOutside
FNDA:0,(anonymous_3)
FNDA:0,(anonymous_4)
DA:12,0
DA:13,0
DA:14,0
DA:16,0
DA:18,0
DA:24,0
DA:28,0
DA:29,0
DA:30,0
DA:34,0
DA:36,0
DA:43,0
DA:52,0
LF:13
LH:0
BRDA:18,0,0,0
BRDA:18,0,1,0
BRDA:19,1,0,0
BRDA:19,1,1,0
BRDA:19,1,2,0
BRDA:19,1,3,0
BRDA:57,2,0,0
BRDA:57,2,1,0
BRF:8
BRH:0
end_of_record
TN:
SF:src\components\ui\popover\PopoverButton.tsx
FN:4,PopoverButton
FNF:1
FNH:0
FNDA:0,PopoverButton
DA:5,0
LF:1
LH:0
BRF:0
BRH:0
end_of_record
TN:
SF:src\components\ui\popover\PopoverWithLink.tsx
FN:5,PopoverWithLink
FNF:1
FNH:0
FNDA:0,PopoverWithLink
DA:6,0
LF:1
LH:0
BRF:0
BRH:0
end_of_record
TN:
SF:src\components\ui\popover\index.tsx
FN:6,PopoverExample
FNF:1
FNH:0
FNDA:0,PopoverExample
DA:7,0
LF:1
LH:0
BRF:0
BRH:0
end_of_record
TN:
SF:src\components\ui\progressbar\DefaultProgressbarExample.tsx
FN:3,DefaultProgressbarExample
FNF:1
FNH:0
FNDA:0,DefaultProgressbarExample
DA:4,0
LF:1
LH:0
BRF:0
BRH:0
end_of_record
TN:
SF:src\components\ui\progressbar\ProgressBar.tsx
FN:8,(anonymous_0)
FN:25,(anonymous_1)
FNF:2
FNH:0
FNDA:0,(anonymous_0)
FNDA:0,(anonymous_1)
DA:8,0
DA:14,0
DA:22,0
DA:23,0
DA:25,0
DA:26,0
DA:27,0
DA:32,0
DA:33,0
DA:39,0
DA:42,0
LF:11
LH:0
BRDA:10,0,0,0
BRDA:11,1,0,0
BRDA:12,2,0,0
BRDA:26,3,0,0
BRDA:26,3,1,0
BRDA:32,4,0,0
BRDA:32,4,1,0
BRDA:47,5,0,0
BRDA:47,5,1,0
BRDA:51,6,0,0
BRDA:51,6,1,0
BRDA:54,7,0,0
BRDA:54,7,1,0
BRF:13
BRH:0
end_of_record
TN:
SF:src\components\ui\progressbar\ProgressBarInMultipleSizes.tsx
FN:1,ProgressBarInMultipleSizes
FNF:1
FNH:0
FNDA:0,ProgressBarInMultipleSizes
DA:2,0
LF:1
LH:0
BRF:0
BRH:0
end_of_record
TN:
SF:src\components\ui\progressbar\ProgressBarWithInsideLabel.tsx
FN:1,ProgressBarWithInsideLabel
FNF:1
FNH:0
FNDA:0,ProgressBarWithInsideLabel
DA:2,0
LF:1
LH:0
BRF:0
BRH:0
end_of_record
TN:
SF:src\components\ui\progressbar\ProgressBarWithOutsideLabel.tsx
FN:5,ProgressBarWithOutsideLabel
FNF:1
FNH:0
FNDA:0,ProgressBarWithOutsideLabel
DA:6,0
DA:7,0
DA:8,0
DA:23,0
LF:4
LH:0
BRDA:6,0,0,0
BRDA:6,0,1,0
BRF:2
BRH:0
end_of_record
TN:
SF:src\components\ui\progressbar\index.tsx
FN:7,ProgressBarExample
FNF:1
FNH:0
FNDA:0,ProgressBarExample
DA:8,0
LF:1
LH:0
BRF:0
BRH:0
end_of_record
TN:
SF:src\components\ui\ribbons\FilledRibbon.tsx
FN:1,FilledRibbon
FNF:1
FNH:0
FNDA:0,FilledRibbon
DA:2,0
LF:1
LH:0
BRF:0
BRH:0
end_of_record
TN:
SF:src\components\ui\ribbons\RibbonWithHover.tsx
FN:1,RibbonWithHover
FNF:1
FNH:0
FNDA:0,RibbonWithHover
DA:2,0
LF:1
LH:0
BRF:0
BRH:0
end_of_record
TN:
SF:src\components\ui\ribbons\RibbonWithShape.tsx
FN:1,RibbonWithShape
FNF:1
FNH:0
FNDA:0,RibbonWithShape
DA:2,0
LF:1
LH:0
BRF:0
BRH:0
end_of_record
TN:
SF:src\components\ui\ribbons\RoundedRibbon.tsx
FN:1,RoundedRibbon
FNF:1
FNH:0
FNDA:0,RoundedRibbon
DA:2,0
LF:1
LH:0
BRF:0
BRH:0
end_of_record
TN:
SF:src\components\ui\ribbons\index.tsx
FN:7,RibbonExample
FNF:1
FNH:0
FNDA:0,RibbonExample
DA:8,0
LF:1
LH:0
BRF:0
BRH:0
end_of_record
TN:
SF:src\components\ui\select\Select.tsx
FN:18,(anonymous_1)
FN:35,(anonymous_2)
FNF:2
FNH:0
FNDA:0,(anonymous_1)
FNDA:0,(anonymous_2)
DA:17,0
DA:18,0
DA:19,0
DA:36,0
DA:60,0
LF:5
LH:0
BRDA:18,0,0,0
BRDA:18,1,0,0
BRDA:21,2,0,0
BRDA:21,2,1,0
BRDA:24,3,0,0
BRDA:24,3,1,0
BRDA:30,4,0,0
BRDA:30,4,1,0
BRDA:41,5,0,0
BRDA:41,5,1,0
BRDA:42,6,0,0
BRDA:42,6,1,0
BRDA:42,6,2,0
BRF:13
BRH:0
end_of_record
TN:
SF:src\components\ui\spinner\SpinnerFour.tsx
FN:1,SpinnerFour
FNF:1
FNH:0
FNDA:0,SpinnerFour
DA:2,0
LF:1
LH:0
BRF:0
BRH:0
end_of_record
TN:
SF:src\components\ui\spinner\SpinnerOne.tsx
FN:1,SpinnerOne
FNF:1
FNH:0
FNDA:0,SpinnerOne
DA:2,0
LF:1
LH:0
BRF:0
BRH:0
end_of_record
TN:
SF:src\components\ui\spinner\SpinnerThree.tsx
FN:1,SpinnerThree
FNF:1
FNH:0
FNDA:0,SpinnerThree
DA:2,0
LF:1
LH:0
BRF:0
BRH:0
end_of_record
TN:
SF:src\components\ui\spinner\SpinnerTwo.tsx
FN:1,SpinnerTwo
FNF:1
FNH:0
FNDA:0,SpinnerTwo
DA:2,0
LF:1
LH:0
BRF:0
BRH:0
end_of_record
TN:
SF:src\components\ui\spinner\index.tsx
FN:7,SpinnerExample
FNF:1
FNH:0
FNDA:0,SpinnerExample
DA:8,0
LF:1
LH:0
BRF:0
BRH:0
end_of_record
TN:
SF:src\components\ui\table\index.tsx
FN:38,(anonymous_0)
FN:43,(anonymous_1)
FN:48,(anonymous_2)
FN:53,(anonymous_3)
FN:58,(anonymous_4)
FNF:5
FNH:0
FNDA:0,(anonymous_0)
FNDA:0,(anonymous_1)
FNDA:0,(anonymous_2)
FNDA:0,(anonymous_3)
FNDA:0,(anonymous_4)
DA:38,0
DA:39,0
DA:43,0
DA:44,0
DA:48,0
DA:49,0
DA:53,0
DA:54,0
DA:58,0
DA:66,0
DA:67,0
LF:11
LH:0
BRDA:60,0,0,0
BRDA:63,1,0,0
BRDA:64,2,0,0
BRDA:66,3,0,0
BRDA:66,3,1,0
BRF:5
BRH:0
end_of_record
TN:
SF:src\components\ui\tabs\DefaultTab.tsx
FN:9,(anonymous_0)
FN:44,(anonymous_1)
FN:47,(anonymous_2)
FN:63,(anonymous_3)
FNF:4
FNH:0
FNDA:0,(anonymous_0)
FNDA:0,(anonymous_1)
FNDA:0,(anonymous_2)
FNDA:0,(anonymous_3)
DA:9,0
DA:10,0
DA:12,0
DA:39,0
DA:45,0
DA:47,0
DA:64,0
LF:7
LH:0
BRDA:49,0,0,0
BRDA:49,0,1,0
BRDA:64,1,0,0
BRDA:64,1,1,0
BRF:4
BRH:0
end_of_record
TN:
SF:src\components\ui\tabs\TabWithBadge.tsx
FN:44,(anonymous_0)
FN:62,(anonymous_1)
FN:71,(anonymous_2)
FN:78,(anonymous_3)
FN:83,(anonymous_4)
FN:90,(anonymous_5)
FNF:6
FNH:0
FNDA:0,(anonymous_0)
FNDA:0,(anonymous_1)
FNDA:0,(anonymous_2)
FNDA:0,(anonymous_3)
FNDA:0,(anonymous_4)
FNDA:0,(anonymous_5)
DA:10,0
DA:44,0
DA:45,0
DA:62,0
DA:63,0
DA:71,0
DA:72,0
DA:74,0
DA:79,0
DA:83,0
DA:91,0
LF:11
LH:0
BRDA:47,0,0,0
BRDA:47,0,1,0
BRDA:54,1,0,0
BRDA:54,1,1,0
BRDA:93,2,0,0
BRDA:93,2,1,0
BRF:6
BRH:0
end_of_record
TN:
SF:src\components\ui\tabs\TabWithUnderline.tsx
FN:10,(anonymous_0)
FN:35,(anonymous_1)
FN:60,(anonymous_2)
FN:67,(anonymous_3)
FN:73,(anonymous_4)
FN:80,(anonymous_5)
FNF:6
FNH:0
FNDA:0,(anonymous_0)
FNDA:0,(anonymous_1)
FNDA:0,(anonymous_2)
FNDA:0,(anonymous_3)
FNDA:0,(anonymous_4)
FNDA:0,(anonymous_5)
DA:10,0
DA:15,0
DA:35,0
DA:36,0
DA:38,0
DA:53,0
DA:60,0
DA:61,0
DA:63,0
DA:68,0
DA:73,0
DA:81,0
LF:12
LH:0
BRDA:18,0,0,0
BRDA:18,0,1,0
BRDA:36,1,0,0
BRDA:36,1,1,0
BRF:4
BRH:0
end_of_record
TN:
SF:src\components\ui\tabs\TabWithUnderlineAndIcon.tsx
FN:15,(anonymous_0)
FN:32,(anonymous_1)
FN:49,(anonymous_2)
FN:66,(anonymous_3)
FN:114,(anonymous_4)
FN:140,(anonymous_5)
FN:150,TabWithUnderlineAndIcon
FN:157,(anonymous_7)
FN:162,(anonymous_8)
FN:169,(anonymous_9)
FNF:10
FNH:0
FNDA:0,(anonymous_0)
FNDA:0,(anonymous_1)
FNDA:0,(anonymous_2)
FNDA:0,(anonymous_3)
FNDA:0,(anonymous_4)
FNDA:0,(anonymous_5)
FNDA:0,TabWithUnderlineAndIcon
FNDA:0,(anonymous_7)
FNDA:0,(anonymous_8)
FNDA:0,(anonymous_9)
DA:15,0
DA:16,0
DA:32,0
DA:33,0
DA:49,0
DA:50,0
DA:66,0
DA:67,0
DA:83,0
DA:114,0
DA:120,0
DA:140,0
DA:141,0
DA:143,0
DA:151,0
DA:153,0
DA:158,0
DA:162,0
DA:170,0
LF:19
LH:0
BRDA:123,0,0,0
BRDA:123,0,1,0
BRDA:141,1,0,0
BRDA:141,1,1,0
BRF:4
BRH:0
end_of_record
TN:
SF:src\components\ui\tabs\VerticalTabs.tsx
FN:3,(anonymous_0)
FN:18,(anonymous_1)
FN:28,(anonymous_2)
FN:38,(anonymous_3)
FN:48,(anonymous_4)
FNF:5
FNH:0
FNDA:0,(anonymous_0)
FNDA:0,(anonymous_1)
FNDA:0,(anonymous_2)
FNDA:0,(anonymous_3)
FNDA:0,(anonymous_4)
DA:3,0
DA:4,0
DA:6,0
DA:18,0
DA:28,0
DA:38,0
DA:48,0
LF:7
LH:0
BRDA:14,0,0,0
BRDA:14,0,1,0
BRDA:24,1,0,0
BRDA:24,1,1,0
BRDA:34,2,0,0
BRDA:34,2,1,0
BRDA:44,3,0,0
BRDA:44,3,1,0
BRDA:57,4,0,0
BRDA:57,4,1,0
BRDA:71,5,0,0
BRDA:71,5,1,0
BRDA:85,6,0,0
BRDA:85,6,1,0
BRDA:99,7,0,0
BRDA:99,7,1,0
BRF:16
BRH:0
end_of_record
TN:
SF:src\components\ui\tabs\index.tsx
FN:8,TabExample
FNF:1
FNH:0
FNDA:0,TabExample
DA:9,0
LF:1
LH:0
BRF:0
BRH:0
end_of_record
TN:
SF:src\components\ui\textarea\TextArea.tsx
FN:11,(anonymous_1)
FNF:1
FNH:0
FNDA:0,(anonymous_1)
DA:10,0
DA:11,0
DA:12,0
DA:36,0
LF:4
LH:0
BRDA:11,0,0,0
BRDA:14,1,0,0
BRDA:14,1,1,0
BRDA:17,2,0,0
BRDA:17,2,1,0
BRDA:23,3,0,0
BRDA:23,3,1,0
BRDA:27,4,0,0
BRDA:27,4,1,0
BRDA:28,5,0,0
BRDA:28,5,1,0
BRDA:28,5,2,0
BRF:12
BRH:0
end_of_record
TN:
SF:src\components\ui\tooltip\DefaultTooltip.tsx
FN:1,DefaultTooltip
FNF:1
FNH:0
FNDA:0,DefaultTooltip
DA:2,0
LF:1
LH:0
BRF:0
BRH:0
end_of_record
TN:
SF:src\components\ui\tooltip\TooltipPlacement.tsx
FN:1,TooltipPlacement
FNF:1
FNH:0
FNDA:0,TooltipPlacement
DA:2,0
LF:1
LH:0
BRF:0
BRH:0
end_of_record
TN:
SF:src\components\ui\tooltip\WhiteAndDarkTooltip.tsx
FN:1,WhiteAndDarkTooltip
FNF:1
FNH:0
FNDA:0,WhiteAndDarkTooltip
DA:2,0
LF:1
LH:0
BRF:0
BRH:0
end_of_record
TN:
SF:src\components\ui\tooltip\index.tsx
FN:6,TooltipExample
FNF:1
FNH:0
FNDA:0,TooltipExample
DA:7,0
LF:1
LH:0
BRF:0
BRH:0
end_of_record
TN:
SF:src\components\ui\videos\AspectRatioVideo.tsx
FN:7,(anonymous_0)
FNF:1
FNH:0
FNDA:0,(anonymous_0)
DA:7,0
DA:12,0
LF:2
LH:0
BRDA:9,0,0,0
BRDA:10,1,0,0
BRF:2
BRH:0
end_of_record
TN:
SF:src\components\ui\videos\OneIsToOne.tsx
FN:1,OneIsToOne
FNF:1
FNH:0
FNDA:0,OneIsToOne
DA:2,0
LF:1
LH:0
BRF:0
BRH:0
end_of_record
TN:
SF:src\components\ui\videos\SixteenIsToNine.tsx
FN:1,SixteenIsToNine
FNF:1
FNH:0
FNDA:0,SixteenIsToNine
DA:2,0
LF:1
LH:0
BRF:0
BRH:0
end_of_record
TN:
SF:src\components\ui\videos\TwentyOneIsToNine.tsx
FN:1,TwentyOneIsToNine
FNF:1
FNH:0
FNDA:0,TwentyOneIsToNine
DA:2,0
LF:1
LH:0
BRF:0
BRH:0
end_of_record
TN:
SF:src\context\SidebarContext.tsx
FN:18,(anonymous_0)
FN:26,(anonymous_1)
FN:36,(anonymous_2)
FN:37,(anonymous_3)
FN:48,(anonymous_4)
FN:53,(anonymous_5)
FN:54,(anonymous_6)
FN:57,(anonymous_7)
FN:58,(anonymous_8)
FN:61,(anonymous_9)
FN:62,(anonymous_10)
FNF:11
FNH:0
FNDA:0,(anonymous_0)
FNDA:0,(anonymous_1)
FNDA:0,(anonymous_2)
FNDA:0,(anonymous_3)
FNDA:0,(anonymous_4)
FNDA:0,(anonymous_5)
FNDA:0,(anonymous_6)
FNDA:0,(anonymous_7)
FNDA:0,(anonymous_8)
FNDA:0,(anonymous_9)
FNDA:0,(anonymous_10)
DA:16,0
DA:18,0
DA:19,0
DA:20,0
DA:21,0
DA:23,0
DA:26,0
DA:29,0
DA:30,0
DA:31,0
DA:32,0
DA:33,0
DA:34,0
DA:36,0
DA:37,0
DA:38,0
DA:39,0
DA:40,0
DA:41,0
DA:45,0
DA:46,0
DA:48,0
DA:49,0
DA:53,0
DA:54,0
DA:57,0
DA:58,0
DA:61,0
DA:62,0
DA:65,0
LF:30
LH:0
BRDA:20,0,0,0
BRDA:20,0,1,0
BRDA:40,1,0,0
BRDA:40,1,1,0
BRDA:62,2,0,0
BRDA:62,2,1,0
BRDA:68,3,0,0
BRDA:68,3,1,0
BRF:8
BRH:0
end_of_record
TN:
SF:src\context\ThemeContext.tsx
FN:15,(anonymous_0)
FN:21,(anonymous_1)
FN:30,(anonymous_2)
FN:41,(anonymous_3)
FN:42,(anonymous_4)
FN:52,(anonymous_5)
FNF:6
FNH:0
FNDA:0,(anonymous_0)
FNDA:0,(anonymous_1)
FNDA:0,(anonymous_2)
FNDA:0,(anonymous_3)
FNDA:0,(anonymous_4)
FNDA:0,(anonymous_5)
DA:13,0
DA:15,0
[...]
FNDA:0,(anonymous_67)
FNDA:0,(anonymous_68)
FNDA:0,(anonymous_69)
FNDA:0,(anonymous_70)
FNDA:0,(anonymous_71)
FNDA:0,(anonymous_72)
FNDA:0,(anonymous_73)
FNDA:0,(anonymous_74)
FNDA:0,(anonymous_75)
FNDA:0,(anonymous_76)
FNDA:0,(anonymous_77)
FNDA:0,(anonymous_78)
FNDA:0,(anonymous_79)
FNDA:0,(anonymous_80)
FNDA:0,(anonymous_81)
FNDA:0,(anonymous_82)
FNDA:0,(anonymous_83)
FNDA:0,(anonymous_84)
FNDA:0,(anonymous_85)
FNDA:0,(anonymous_86)
FNDA:0,(anonymous_87)
FNDA:0,(anonymous_88)
FNDA:0,(anonymous_89)
DA:16,0
DA:17,0
DA:19,0
DA:20,0
DA:21,0
DA:22,0
DA:23,0
DA:25,0
DA:29,0
DA:30,0
DA:31,0
DA:33,0
DA:34,0
DA:36,0
DA:45,0
DA:46,0
DA:47,0
DA:50,0
DA:51,0
DA:57,0
DA:60,0
DA:61,0
DA:65,0
DA:68,0
DA:69,0
DA:75,0
DA:76,0
DA:77,0
DA:79,0
DA:80,0
DA:82,0
DA:91,0
DA:92,0
DA:93,0
DA:96,0
DA:97,0
DA:103,0
DA:106,0
DA:107,0
DA:111,0
DA:114,0
DA:115,0
DA:121,0
DA:122,0
DA:123,0
DA:125,0
DA:126,0
DA:128,0
DA:137,0
DA:138,0
DA:139,0
DA:142,0
DA:143,0
DA:144,0
DA:147,0
DA:148,0
DA:154,0
DA:157,0
DA:158,0
DA:162,0
DA:165,0
DA:166,0
DA:171,0
DA:172,0
DA:173,0
DA:175,0
DA:176,0
DA:178,0
DA:187,0
DA:188,0
DA:189,0
DA:192,0
DA:193,0
DA:199,0
DA:202,0
DA:203,0
DA:207,0
DA:210,0
DA:211,0
DA:216,0
DA:217,0
DA:218,0
DA:220,0
DA:221,0
DA:223,0
DA:232,0
DA:233,0
DA:234,0
DA:237,0
DA:238,0
DA:244,0
DA:247,0
DA:248,0
DA:252,0
DA:255,0
DA:256,0
DA:261,0
DA:262,0
DA:263,0
DA:265,0
DA:266,0
DA:268,0
DA:277,0
DA:278,0
DA:279,0
DA:282,0
DA:283,0
DA:289,0
DA:292,0
DA:293,0
DA:297,0
DA:300,0
DA:301,0
DA:306,0
DA:307,0
DA:308,0
DA:310,0
DA:311,0
DA:313,0
DA:322,0
DA:323,0
DA:324,0
DA:327,0
DA:328,0
DA:334,0
DA:337,0
DA:338,0
DA:342,0
DA:345,0
DA:346,0
DA:351,0
DA:352,0
DA:353,0
DA:355,0
DA:356,0
DA:358,0
DA:367,0
DA:368,0
DA:369,0
DA:372,0
DA:373,0
DA:379,0
DA:382,0
DA:383,0
DA:387,0
DA:390,0
DA:391,0
LF:147
LH:0
BRDA:19,0,0,0
BRDA:19,0,1,0
BRDA:20,1,0,0
BRDA:20,1,1,0
BRDA:21,2,0,0
BRDA:21,2,1,0
BRDA:22,3,0,0
BRDA:22,3,1,0
BRDA:23,4,0,0
BRDA:23,4,1,0
BRF:10
BRH:0
end_of_record
TN:
SF:src\hooks\useGoBack.ts
FN:3,(anonymous_0)
FN:6,(anonymous_1)
FNF:2
FNH:0
FNDA:0,(anonymous_0)
FNDA:0,(anonymous_1)
DA:3,0
DA:4,0
DA:6,0
DA:7,0
DA:8,0
DA:10,0
DA:14,0
LF:7
LH:0
BRDA:7,0,0,0
BRDA:7,0,1,0
BRDA:7,1,0,0
BRDA:7,1,1,0
BRF:4
BRH:0
end_of_record
TN:
SF:src\hooks\useModal.ts
FN:3,(anonymous_0)
FN:6,(anonymous_1)
FN:7,(anonymous_2)
FN:8,(anonymous_3)
FN:8,(anonymous_4)
FNF:5
FNH:0
FNDA:0,(anonymous_0)
FNDA:0,(anonymous_1)
FNDA:0,(anonymous_2)
FNDA:0,(anonymous_3)
FNDA:0,(anonymous_4)
DA:3,0
DA:4,0
DA:6,0
DA:7,0
DA:8,0
DA:10,0
LF:6
LH:0
BRDA:3,0,0,0
BRF:1
BRH:0
end_of_record
TN:
SF:src\layout\AppHeader.tsx
FN:9,(anonymous_0)
FN:14,(anonymous_1)
FN:22,(anonymous_2)
FN:28,(anonymous_3)
FN:29,(anonymous_4)
FN:38,(anonymous_5)
FNF:6
FNH:0
FNDA:0,(anonymous_0)
FNDA:0,(anonymous_1)
FNDA:0,(anonymous_2)
FNDA:0,(anonymous_3)
FNDA:0,(anonymous_4)
FNDA:0,(anonymous_5)
DA:9,0
DA:10,0
DA:12,0
DA:14,0
DA:15,0
DA:16,0
DA:18,0
DA:22,0
DA:23,0
DA:26,0
DA:28,0
DA:29,0
DA:30,0
DA:31,0
DA:32,0
DA:36,0
DA:38,0
DA:39,0
DA:43,0
LF:19
LH:0
BRDA:15,0,0,0
BRDA:15,0,1,0
BRDA:30,1,0,0
BRDA:30,1,1,0
BRDA:30,2,0,0
BRDA:30,2,1,0
BRDA:30,2,2,0
BRDA:32,3,0,0
BRDA:32,3,1,0
BRDA:32,4,0,0
BRDA:32,4,1,0
BRDA:52,5,0,0
BRDA:52,5,1,0
BRDA:156,6,0,0
BRDA:156,6,1,0
BRF:15
BRH:0
end_of_record
TN:
SF:src\layout\AppLayout.tsx
FN:8,(anonymous_0)
FN:10,(anonymous_1)
FN:38,(anonymous_2)
FNF:3
FNH:0
FNDA:0,(anonymous_0)
FNDA:0,(anonymous_1)
FNDA:0,(anonymous_2)
DA:8,0
DA:9,0
DA:10,0
DA:12,0
DA:38,0
DA:39,0
LF:6
LH:0
BRDA:14,0,0,0
BRDA:14,0,1,0
BRDA:22,1,0,0
BRDA:22,1,1,0
BRDA:22,2,0,0
BRDA:22,2,1,0
BRDA:22,2,2,0
BRDA:24,3,0,0
BRDA:24,3,1,0
BRDA:27,4,0,0
BRDA:27,4,1,0
BRDA:29,5,0,0
BRDA:29,5,1,0
BRF:13
BRH:0
end_of_record
TN:
SF:src\layout\AppSidebar.tsx
FN:48,(anonymous_0)
FN:51,(anonymous_1)
FN:65,(anonymous_2)
FN:69,(anonymous_3)
FN:71,(anonymous_4)
FN:73,(anonymous_5)
FN:75,(anonymous_6)
FN:93,(anonymous_7)
FN:97,(anonymous_8)
FN:105,(anonymous_9)
FN:109,(anonymous_10)
FN:121,(anonymous_11)
FN:126,(anonymous_12)
FN:130,(anonymous_13)
FN:189,(anonymous_14)
FN:201,(anonymous_15)
FN:259,(anonymous_16)
FN:260,(anonymous_17)
FNF:18
FNH:0
FNDA:0,(anonymous_0)
FNDA:0,(anonymous_1)
FNDA:0,(anonymous_2)
FNDA:0,(anonymous_3)
FNDA:0,(anonymous_4)
FNDA:0,(anonymous_5)
FNDA:0,(anonymous_6)
FNDA:0,(anonymous_7)
FNDA:0,(anonymous_8)
FNDA:0,(anonymous_9)
FNDA:0,(anonymous_10)
FNDA:0,(anonymous_11)
FNDA:0,(anonymous_12)
FNDA:0,(anonymous_13)
FNDA:0,(anonymous_14)
FNDA:0,(anonymous_15)
FNDA:0,(anonymous_16)
FNDA:0,(anonymous_17)
DA:25,0
DA:48,0
DA:49,0
DA:50,0
DA:51,0
DA:52,0
DA:54,0
DA:58,0
DA:61,0
DA:64,0
DA:65,0
DA:69,0
DA:70,0
DA:71,0
DA:72,0
DA:73,0
DA:74,0
DA:75,0
DA:76,0
DA:77,0
DA:81,0
DA:88,0
DA:89,0
DA:93,0
DA:94,0
DA:95,0
DA:96,0
DA:97,0
DA:105,0
DA:109,0
DA:110,0
DA:115,0
DA:117,0
DA:121,0
DA:125,0
DA:127,0
DA:130,0
DA:190,0
DA:202,0
DA:247,0
DA:259,0
DA:260,0
LF:42
LH:0
BRDA:51,0,0,0
BRDA:51,0,1,0
BRDA:51,1,0,0
BRDA:51,1,1,0
BRDA:74,2,0,0
BRDA:74,2,1,0
BRDA:76,3,0,0
BRDA:76,3,1,0
BRDA:88,4,0,0
BRDA:88,4,1,0
BRDA:94,5,0,0
BRDA:94,5,1,0
BRDA:96,6,0,0
BRDA:96,6,1,0
BRDA:99,7,0,0
BRDA:99,7,1,0
BRDA:99,8,0,0
BRDA:99,8,1,0
BRDA:99,9,0,0
BRDA:99,9,1,0
BRDA:110,10,0,0
BRDA:110,10,1,0
BRDA:111,11,0,0
BRDA:111,11,1,0
BRDA:111,11,2,0
BRDA:128,12,0,0
BRDA:128,12,1,0
BRDA:132,13,0,0
BRDA:132,13,1,0
BRDA:132,14,0,0
BRDA:132,14,1,0
BRDA:132,15,0,0
BRDA:132,15,1,0
BRDA:132,16,0,0
BRDA:132,16,1,0
BRDA:132,17,0,0
BRDA:132,17,1,0
BRDA:132,18,0,0
BRDA:132,18,1,0
BRDA:136,19,0,0
BRDA:136,19,1,0
BRDA:136,20,0,0
BRDA:136,20,1,0
BRDA:143,21,0,0
BRDA:143,21,1,0
BRDA:143,22,0,0
BRDA:143,22,1,0
BRDA:143,23,0,0
BRDA:143,23,1,0
BRDA:143,24,0,0
BRDA:143,24,1,0
BRDA:143,25,0,0
BRDA:143,25,1,0
BRDA:143,26,0,0
BRDA:143,26,1,0
BRDA:150,27,0,0
BRDA:150,27,1,0
BRDA:150,27,2,0
BRDA:150,27,3,0
BRDA:153,28,0,0
BRDA:153,28,1,0
BRDA:153,28,2,0
BRDA:153,28,3,0
BRDA:156,29,0,0
BRDA:156,29,1,0
BRDA:156,30,0,0
BRDA:156,30,1,0
BRDA:156,31,0,0
BRDA:156,31,1,0
BRDA:156,32,0,0
BRDA:156,32,1,0
BRDA:157,33,0,0
BRDA:157,33,1,0
BRDA:157,34,0,0
BRDA:157,34,1,0
BRDA:165,35,0,0
BRDA:165,35,1,0
BRDA:169,36,0,0
BRDA:169,36,1,0
BRDA:174,37,0,0
BRDA:174,37,1,0
BRDA:181,38,0,0
BRDA:181,38,1,0
BRDA:181,38,2,0
BRDA:181,38,3,0
BRDA:187,39,0,0
BRDA:187,39,1,0
BRDA:187,39,2,0
BRDA:187,39,3,0
BRDA:187,39,4,0
BRDA:195,40,0,0
BRDA:195,40,1,0
BRDA:195,41,0,0
BRDA:195,41,1,0
BRDA:195,42,0,0
BRDA:195,42,1,0
BRDA:195,43,0,0
BRDA:195,43,1,0
BRDA:195,44,0,0
BRDA:195,44,1,0
BRDA:195,45,0,0
BRDA:195,45,1,0
BRDA:206,46,0,0
BRDA:206,46,1,0
BRDA:213,47,0,0
BRDA:213,47,1,0
BRDA:216,48,0,0
BRDA:216,48,1,0
BRDA:224,49,0,0
BRDA:224,49,1,0
BRDA:227,50,0,0
BRDA:227,50,1,0
BRDA:251,51,0,0
BRDA:251,51,1,0
BRDA:251,52,0,0
BRDA:251,52,1,0
BRDA:253,53,0,0
BRDA:253,53,1,0
BRDA:257,54,0,0
BRDA:257,54,1,0
BRDA:259,55,0,0
BRDA:259,55,1,0
BRDA:264,56,0,0
BRDA:264,56,1,0
BRDA:264,57,0,0
BRDA:264,57,1,0
BRDA:268,58,0,0
BRDA:268,58,1,0
BRDA:268,59,0,0
BRDA:268,59,1,0
BRDA:268,59,2,0
BRDA:301,60,0,0
BRDA:301,60,1,0
BRDA:301,61,0,0
BRDA:301,61,1,0
BRDA:306,62,0,0
BRDA:306,62,1,0
BRDA:306,63,0,0
BRDA:306,63,1,0
BRDA:306,63,2,0
BRF:140
BRH:0
end_of_record
TN:
SF:src\layout\Backdrop.tsx
FN:3,(anonymous_0)
FNF:1
FNH:0
FNDA:0,(anonymous_0)
DA:3,0
DA:4,0
DA:6,0
DA:8,0
LF:4
LH:0
BRDA:6,0,0,0
BRDA:6,0,1,0
BRF:2
BRH:0
end_of_record
TN:
SF:src\layout\SidebarWidget.tsx
FN:1,SidebarWidget
FNF:1
FNH:0
FNDA:0,SidebarWidget
DA:2,0
LF:1
LH:0
BRF:0
BRH:0
end_of_record
TN:
SF:src\pages\Blank.tsx
FN:4,Blank
FNF:1
FNH:0
FNDA:0,Blank
DA:5,0
LF:1
LH:0
BRF:0
BRH:0
end_of_record
TN:
SF:src\pages\Calendar.tsx
FN:17,(anonymous_0)
FN:36,(anonymous_1)
FN:61,(anonymous_2)
FN:68,(anonymous_3)
FN:78,(anonymous_4)
FN:81,(anonymous_5)
FN:82,(anonymous_6)
FN:104,(anonymous_7)
FN:110,(anonymous_8)
FN:173,(anonymous_9)
FN:183,(anonymous_10)
FN:200,(anonymous_11)
FN:229,(anonymous_12)
FN:244,(anonymous_13)
FN:273,(anonymous_14)
FNF:15
FNH:0
FNDA:0,(anonymous_0)
FNDA:0,(anonymous_1)
FNDA:0,(anonymous_2)
FNDA:0,(anonymous_3)
FNDA:0,(anonymous_4)
FNDA:0,(anonymous_5)
FNDA:0,(anonymous_6)
FNDA:0,(anonymous_7)
FNDA:0,(anonymous_8)
FNDA:0,(anonymous_9)
FNDA:0,(anonymous_10)
FNDA:0,(anonymous_11)
FNDA:0,(anonymous_12)
FNDA:0,(anonymous_13)
FNDA:0,(anonymous_14)
DA:17,0
DA:18,0
DA:21,0
DA:22,0
DA:23,0
DA:24,0
DA:25,0
DA:26,0
DA:27,0
DA:29,0
DA:36,0
DA:38,0
DA:61,0
DA:62,0
DA:63,0
DA:64,0
DA:65,0
DA:68,0
DA:69,0
DA:70,0
DA:71,0
DA:72,0
DA:73,0
DA:74,0
DA:75,0
DA:78,0
DA:79,0
DA:81,0
DA:82,0
DA:83,0
DA:96,0
DA:104,0
DA:106,0
DA:107,0
DA:110,0
DA:111,0
DA:112,0
DA:113,0
DA:114,0
DA:115,0
DA:118,0
DA:173,0
DA:184,0
DA:200,0
DA:229,0
DA:244,0
DA:273,0
DA:274,0
DA:275,0
LF:49
LH:0
BRDA:64,0,0,0
BRDA:64,0,1,0
BRDA:72,1,0,0
BRDA:72,1,1,0
BRDA:72,2,0,0
BRDA:72,2,1,0
BRDA:72,3,0,0
BRDA:72,3,1,0
BRDA:73,4,0,0
BRDA:73,4,1,0
BRDA:73,5,0,0
BRDA:73,5,1,0
BRDA:73,6,0,0
BRDA:73,6,1,0
BRDA:79,7,0,0
BRDA:79,7,1,0
BRDA:83,8,0,0
BRDA:83,8,1,0
BRDA:156,9,0,0
BRDA:156,9,1,0
BRDA:207,10,0,0
BRDA:207,10,1,0
BRDA:263,11,0,0
BRDA:263,11,1,0
BRF:24
BRH:0
end_of_record
TN:
SF:src\pages\Faqs.tsx
FN:8,Faqs
FNF:1
FNH:0
FNDA:0,Faqs
DA:9,0
LF:1
LH:0
BRF:0
BRH:0
end_of_record
TN:
SF:src\pages\FileManager.tsx
FN:8,FileManager
FNF:1
FNH:0
FNDA:0,FileManager
DA:9,0
LF:1
LH:0
BRF:0
BRH:0
end_of_record
TN:
SF:src\pages\Invoices.tsx
FN:5,Invoices
FNF:1
FNH:0
FNDA:0,Invoices
DA:6,0
LF:1
LH:0
BRF:0
BRH:0
end_of_record
TN:
SF:src\pages\PricingTables.tsx
FN:8,PricingTables
FNF:1
FNH:0
FNDA:0,PricingTables
DA:9,0
LF:1
LH:0
BRF:0
BRH:0
end_of_record
TN:
SF:src\pages\UserProfiles.tsx
FN:7,UserProfiles
FNF:1
FNH:0
FNDA:0,UserProfiles
DA:8,0
LF:1
LH:0
BRF:0
BRH:0
end_of_record
TN:
SF:src\pages\AuthPages\AuthPageLayout.tsx
FN:4,(anonymous_0)
FNF:1
FNH:0
FNDA:0,(anonymous_0)
DA:4,0
DA:5,0
LF:2
LH:0
BRF:0
BRH:0
end_of_record
TN:
SF:src\pages\AuthPages\ResetPassword.tsx
FN:5,ResetPassword
FNF:1
FNH:0
FNDA:0,ResetPassword
DA:6,0
LF:1
LH:0
BRF:0
BRH:0
end_of_record
TN:
SF:src\pages\AuthPages\SignIn.tsx
FN:5,SignIn
FNF:1
FNH:0
FNDA:0,SignIn
DA:6,0
LF:1
LH:0
BRF:0
BRH:0
end_of_record
TN:
SF:src\pages\AuthPages\SignUp.tsx
FN:5,SignUp
FNF:1
FNH:0
FNDA:0,SignUp
DA:6,0
LF:1
LH:0
BRF:0
BRH:0
end_of_record
TN:
SF:src\pages\AuthPages\TwoStepVerification.tsx
FN:4,TwoStepVerification
FNF:1
FNH:0
FNDA:0,TwoStepVerification
DA:5,0
LF:1
LH:0
BRF:0
BRH:0
end_of_record
TN:
SF:src\pages\Charts\BarChart.tsx
FN:7,BarChart
FNF:1
FNH:0
FNDA:0,BarChart
DA:8,0
LF:1
LH:0
BRF:0
BRH:0
end_of_record
TN:
SF:src\pages\Charts\LineChart.tsx
FN:8,LineChart
FNF:1
FNH:0
FNDA:0,LineChart
DA:9,0
LF:1
LH:0
BRF:0
BRH:0
end_of_record
TN:
SF:src\pages\Charts\PieChart.tsx
FN:7,PieChart
FNF:1
FNH:0
FNDA:0,PieChart
DA:8,0
LF:1
LH:0
BRF:0
BRH:0
end_of_record
TN:
SF:src\pages\Chat\Chats.tsx
FN:6,Chats
FNF:1
FNH:0
FNDA:0,Chats
DA:7,0
LF:1
LH:0
BRF:0
BRH:0
end_of_record
TN:
SF:src\pages\Dashboard\Analytics.tsx
FN:12,Analytics
FNF:1
FNH:0
FNDA:0,Analytics
DA:13,0
LF:1
LH:0
BRF:0
BRH:0
end_of_record
TN:
SF:src\pages\Dashboard\Crm.tsx
FN:9,Crm
FNF:1
FNH:0
FNDA:0,Crm
DA:10,0
LF:1
LH:0
BRF:0
BRH:0
end_of_record
TN:
SF:src\pages\Dashboard\Ecommerce.tsx
FN:9,Ecommerce
FNF:1
FNH:0
FNDA:0,Ecommerce
DA:10,0
LF:1
LH:0
BRF:0
BRH:0
end_of_record
TN:
SF:src\pages\Dashboard\Marketing.tsx
FN:8,Marketing
FNF:1
FNH:0
FNDA:0,Marketing
DA:9,0
LF:1
LH:0
BRF:0
BRH:0
end_of_record
TN:
SF:src\pages\Dashboard\Saas.tsx
FN:10,Saas
FNF:1
FNH:0
FNDA:0,Saas
DA:11,0
LF:1
LH:0
BRF:0
BRH:0
end_of_record
TN:
SF:src\pages\Dashboard\Stocks.tsx
FN:9,Stocks
FNF:1
FNH:0
FNDA:0,Stocks
DA:10,0
LF:1
LH:0
BRF:0
BRH:0
end_of_record
TN:
SF:src\pages\Email\EmailDetails.tsx
FN:5,EmailDetails
FNF:1
FNH:0
FNDA:0,EmailDetails
DA:6,0
LF:1
LH:0
BRF:0
BRH:0
end_of_record
TN:
SF:src\pages\Email\EmailInbox.tsx
FN:5,EmailInbox
FNF:1
FNH:0
FNDA:0,EmailInbox
DA:6,0
LF:1
LH:0
BRF:0
BRH:0
end_of_record
TN:
SF:src\pages\Forms\FormElements.tsx
FN:14,FormElements
FNF:1
FNH:0
FNDA:0,FormElements
DA:15,0
LF:1
LH:0
BRF:0
BRH:0
end_of_record
TN:
SF:src\pages\Forms\FormLayout.tsx
FN:8,FormLayout
FNF:1
FNH:0
FNDA:0,FormLayout
DA:9,0
LF:1
LH:0
BRF:0
BRH:0
end_of_record
TN:
SF:src\pages\OtherPage\ComingSoon.tsx
FN:6,ComingSoon
FNF:1
FNH:0
FNDA:0,ComingSoon
DA:8,0
DA:9,0
DA:10,0
LF:3
LH:0
BRF:0
BRH:0
end_of_record
TN:
SF:src\pages\OtherPage\FiveZeroThree.tsx
FN:5,FiveZeroThree
FNF:1
FNH:0
FNDA:0,FiveZeroThree
DA:6,0
LF:1
LH:0
BRF:0
BRH:0
end_of_record
TN:
SF:src\pages\OtherPage\FiveZeroZero.tsx
FN:5,FiveZeroZero
FNF:1
FNH:0
FNDA:0,FiveZeroZero
DA:6,0
LF:1
LH:0
BRF:0
BRH:0
end_of_record
TN:
SF:src\pages\OtherPage\Maintenance.tsx
FN:5,Maintenance
FNF:1
FNH:0
FNDA:0,Maintenance
DA:6,0
LF:1
LH:0
BRF:0
BRH:0
end_of_record
TN:
SF:src\pages\OtherPage\NotFound.tsx
FN:5,NotFound
FNF:1
FNH:0
FNDA:0,NotFound
DA:6,0
LF:1
LH:0
BRF:0
BRH:0
end_of_record
TN:
SF:src\pages\OtherPage\Success.tsx
FN:5,Success
FNF:1
FNH:0
FNDA:0,Success
DA:6,0
LF:1
LH:0
BRF:0
BRH:0
end_of_record
TN:
SF:src\pages\Tables\BasicTables.tsx
FN:10,BasicTables
FNF:1
FNH:0
FNDA:0,BasicTables
DA:11,0
LF:1
LH:0
BRF:0
BRH:0
end_of_record
TN:
SF:src\pages\Tables\DataTables.tsx
FN:9,DataTables
FNF:1
FNH:0
FNDA:0,DataTables
DA:10,0
LF:1
LH:0
BRF:0
BRH:0
end_of_record
TN:
SF:src\pages\Task\TaskKanban.tsx
FN:6,TaskKanban
FNF:1
FNH:0
FNDA:0,TaskKanban
DA:7,0
LF:1
LH:0
BRF:0
BRH:0
end_of_record
TN:
SF:src\pages\Task\TaskList.tsx
FN:5,TaskList
FNF:1
FNH:0
FNDA:0,TaskList
DA:6,0
LF:1
LH:0
BRF:0
BRH:0
end_of_record
TN:
SF:src\pages\UiElements\Alerts.tsx
FN:6,Alerts
FNF:1
FNH:0
FNDA:0,Alerts
DA:7,0
LF:1
LH:0
BRF:0
BRH:0
end_of_record
TN:
SF:src\pages\UiElements\Avatars.tsx
FN:6,Avatars
FNF:1
FNH:0
FNDA:0,Avatars
DA:7,0
LF:1
LH:0
BRF:0
BRH:0
end_of_record
TN:
SF:src\pages\UiElements\Badges.tsx
FN:7,Badges
FNF:1
FNH:0
FNDA:0,Badges
DA:8,0
LF:1
LH:0
BRF:0
BRH:0
end_of_record
TN:
SF:src\pages\UiElements\BreadCrumb.tsx
FN:8,BreadCrumb
FNF:1
FNH:0
FNDA:0,BreadCrumb
DA:9,0
LF:1
LH:0
BRF:0
BRH:0
end_of_record
TN:
SF:src\pages\UiElements\Buttons.tsx
FN:7,Buttons
FNF:1
FNH:0
FNDA:0,Buttons
DA:8,0
LF:1
LH:0
BRF:0
BRH:0
end_of_record
TN:
SF:src\pages\UiElements\ButtonsGroup.tsx
FN:5,ButtonsGroup
FNF:1
FNH:0
FNDA:0,ButtonsGroup
DA:6,0
LF:1
LH:0
BRF:0
BRH:0
end_of_record
TN:
SF:src\pages\UiElements\Cards.tsx
FN:8,Cards
FNF:1
FNH:0
FNDA:0,Cards
DA:9,0
LF:1
LH:0
BRF:0
BRH:0
end_of_record
TN:
SF:src\pages\UiElements\Carousel.tsx
FN:9,Carousel
FNF:1
FNH:0
FNDA:0,Carousel
DA:10,0
LF:1
LH:0
BRF:0
BRH:0
end_of_record
TN:
SF:src\pages\UiElements\Dropdowns.tsx
FN:9,Dropdowns
FNF:1
FNH:0
FNDA:0,Dropdowns
DA:10,0
LF:1
LH:0
BRF:0
BRH:0
end_of_record
TN:
SF:src\pages\UiElements\Images.tsx
FN:8,Images
FNF:1
FNH:0
FNDA:0,Images
DA:9,0
LF:1
LH:0
BRF:0
BRH:0
end_of_record
TN:
SF:src\pages\UiElements\Links.tsx
FN:5,Links
FNF:1
FNH:0
FNDA:0,Links
DA:6,0
LF:1
LH:0
BRF:0
BRH:0
end_of_record
TN:
SF:src\pages\UiElements\Lists.tsx
FN:5,Lists
FNF:1
FNH:0
FNDA:0,Lists
DA:6,0
LF:1
LH:0
BRF:0
BRH:0
end_of_record
TN:
SF:src\pages\UiElements\Modals.tsx
FN:5,Modals
FNF:1
FNH:0
FNDA:0,Modals
DA:6,0
LF:1
LH:0
BRF:0
BRH:0
end_of_record
TN:
SF:src\pages\UiElements\Notifications.tsx
FN:8,Notifications
FN:9,(anonymous_1)
FN:13,(anonymous_2)
FN:17,(anonymous_3)
FN:21,(anonymous_4)
FN:25,(anonymous_5)
FNF:6
FNH:0
FNDA:0,Notifications
FNDA:0,(anonymous_1)
FNDA:0,(anonymous_2)
FNDA:0,(anonymous_3)
FNDA:0,(anonymous_4)
FNDA:0,(anonymous_5)
DA:9,0
DA:10,0
DA:13,0
DA:14,0
DA:17,0
DA:18,0
DA:21,0
DA:22,0
DA:25,0
DA:26,0
DA:29,0
LF:11
LH:0
BRF:0
BRH:0
end_of_record
TN:
SF:src\pages\UiElements\Pagination.tsx
FN:5,Pagination
FNF:1
FNH:0
FNDA:0,Pagination
DA:6,0
LF:1
LH:0
BRF:0
BRH:0
end_of_record
TN:
SF:src\pages\UiElements\Popovers.tsx
FN:5,Popovers
FNF:1
FNH:0
FNDA:0,Popovers
DA:6,0
LF:1
LH:0
BRF:0
BRH:0
end_of_record
TN:
SF:src\pages\UiElements\Progressbar.tsx
FN:5,Progressbar
FNF:1
FNH:0
FNDA:0,Progressbar
DA:6,0
LF:1
LH:0
BRF:0
BRH:0
end_of_record
TN:
SF:src\pages\UiElements\Ribbons.tsx
FN:5,Ribbons
FNF:1
FNH:0
FNDA:0,Ribbons
DA:6,0
LF:1
LH:0
BRF:0
BRH:0
end_of_record
TN:
SF:src\pages\UiElements\Spinners.tsx
FN:5,Spinners
FNF:1
FNH:0
FNDA:0,Spinners
DA:6,0
LF:1
LH:0
BRF:0
BRH:0
end_of_record
TN:
SF:src\pages\UiElements\Tabs.tsx
FN:5,Tabs
FNF:1
FNH:0
FNDA:0,Tabs
DA:6,0
LF:1
LH:0
BRF:0
BRH:0
end_of_record
TN:
SF:src\pages\UiElements\Tooltips.tsx
FN:5,Tooltips
FNF:1
FNH:0
FNDA:0,Tooltips
DA:6,0
LF:1
LH:0
BRF:0
BRH:0
end_of_record
TN:
SF:src\pages\UiElements\Videos.tsx
FN:9,Videos
FNF:1
FNH:0
FNDA:0,Videos
DA:10,0
LF:1
LH:0
BRF:0
BRH:0
end_of_record
TN:
SF:src\routes\AppRoutes.tsx
FN:85,AppRoutes
FNF:1
FNH:0
FNDA:0,AppRoutes
DA:86,0
LF:1
LH:0
BRF:0
BRH:0
end_of_record
TN:
SF:src\services\api.ts
FN:25,(anonymous_7)
FN:40,(anonymous_8)
FN:43,(anonymous_9)
FN:52,(anonymous_10)
FN:61,(anonymous_11)
FN:66,(anonymous_12)
FN:66,(anonymous_13)
FN:106,(anonymous_14)
FN:110,(anonymous_15)
FN:114,(anonymous_16)
FN:118,(anonymous_17)
FN:122,(anonymous_18)
FN:128,(anonymous_19)
FN:134,(anonymous_21)
FN:140,(anonymous_23)
FN:146,(anonymous_25)
FN:152,(anonymous_27)
FN:158,(anonymous_29)
FN:165,(anonymous_31)
FN:170,(anonymous_33)
FN:189,(anonymous_34)
FN:196,(anonymous_35)
FN:200,(anonymous_36)
FNF:23
FNH:0
FNDA:0,(anonymous_7)
FNDA:0,(anonymous_8)
FNDA:0,(anonymous_9)
FNDA:0,(anonymous_10)
FNDA:0,(anonymous_11)
FNDA:0,(anonymous_12)
FNDA:0,(anonymous_13)
FNDA:0,(anonymous_14)
FNDA:0,(anonymous_15)
FNDA:0,(anonymous_16)
FNDA:0,(anonymous_17)
FNDA:0,(anonymous_18)
FNDA:0,(anonymous_19)
FNDA:0,(anonymous_21)
FNDA:0,(anonymous_23)
FNDA:0,(anonymous_25)
FNDA:0,(anonymous_27)
FNDA:0,(anonymous_29)
FNDA:0,(anonymous_31)
FNDA:0,(anonymous_33)
FNDA:0,(anonymous_34)
FNDA:0,(anonymous_35)
FNDA:0,(anonymous_36)
DA:27,0
DA:29,0
DA:37,0
DA:42,0
DA:45,0
DA:46,0
DA:47,0
DA:48,0
DA:50,0
DA:54,0
DA:55,0
DA:60,0
DA:63,0
DA:64,0
DA:66,0
DA:68,0
DA:69,0
DA:72,0
DA:73,0
DA:75,0
DA:77,0
DA:78,0
DA:79,0
DA:80,0
DA:81,0
DA:82,0
DA:86,0
DA:87,0
DA:88,0
DA:93,0
DA:100,0
DA:107,0
DA:111,0
DA:115,0
DA:119,0
DA:123,0
DA:124,0
DA:129,0
DA:130,0
DA:135,0
DA:136,0
DA:141,0
DA:142,0
DA:147,0
DA:148,0
DA:153,0
DA:155,0
DA:159,0
DA:160,0
DA:166,0
DA:167,0
DA:169,0
DA:170,0
DA:171,0
DA:175,0
DA:181,0
DA:186,0
DA:189,0
DA:190,0
DA:191,0
DA:192,0
DA:196,0
DA:197,0
DA:200,0
DA:201,0
LF:65
LH:0
BRDA:27,0,0,0
BRDA:27,0,1,0
BRDA:47,1,0,0
BRDA:47,1,1,0
BRDA:72,2,0,0
BRDA:72,2,1,0
BRDA:72,3,0,0
BRDA:72,3,1,0
BRDA:72,4,0,0
BRDA:72,4,1,0
BRDA:72,5,0,0
BRDA:72,5,1,0
BRDA:78,6,0,0
BRDA:78,6,1,0
BRDA:95,7,0,0
BRDA:95,7,1,0
BRDA:95,8,0,0
BRDA:95,8,1,0
BRDA:95,9,0,0
BRDA:95,9,1,0
BRDA:95,10,0,0
BRDA:95,10,1,0
BRDA:95,11,0,0
BRDA:95,11,1,0
BRDA:96,12,0,0
BRDA:96,12,1,0
BRDA:96,13,0,0
BRDA:96,13,1,0
BRDA:97,14,0,0
BRDA:97,14,1,0
BRDA:97,15,0,0
BRDA:97,15,1,0
BRDA:97,16,0,0
BRDA:97,16,1,0
BRDA:97,17,0,0
BRDA:97,17,1,0
BRDA:169,18,0,0
BRDA:169,18,1,0
BRDA:191,19,0,0
BRDA:191,19,1,0
BRF:40
BRH:0
end_of_record
TN:
SF:src\stores\loadingStore.ts
FN:12,(anonymous_0)
FN:15,(anonymous_1)
FN:19,(anonymous_2)
FN:23,(anonymous_3)
FN:24,(anonymous_4)
FN:35,(anonymous_5)
FN:36,(anonymous_6)
FN:37,(anonymous_7)
FNF:8
FNH:0
FNDA:0,(anonymous_0)
FNDA:0,(anonymous_1)
FNDA:0,(anonymous_2)
FNDA:0,(anonymous_3)
FNDA:0,(anonymous_4)
FNDA:0,(anonymous_5)
FNDA:0,(anonymous_6)
FNDA:0,(anonymous_7)
DA:12,0
DA:16,0
DA:17,0
DA:20,0
DA:21,0
DA:23,0
DA:25,0
DA:26,0
DA:27,0
DA:29,0
DA:35,0
DA:36,0
DA:37,0
LF:13
LH:0
BRDA:25,0,0,0
BRDA:25,0,1,0
BRF:2
BRH:0
end_of_record
TN:
SF:src\stores\notificationStore.ts
FN:20,(anonymous_0)
FN:27,(anonymous_1)
FN:30,(anonymous_2)
FN:35,(anonymous_3)
FN:36,(anonymous_4)
FN:43,(anonymous_5)
FN:44,(anonymous_6)
FN:44,(anonymous_7)
FN:46,(anonymous_8)
FN:50,(anonymous_9)
FN:53,(anonymous_10)
FNF:11
FNH:0
FNDA:0,(anonymous_0)
FNDA:0,(anonymous_1)
FNDA:0,(anonymous_2)
FNDA:0,(anonymous_3)
FNDA:0,(anonymous_4)
FNDA:0,(anonymous_5)
FNDA:0,(anonymous_6)
FNDA:0,(anonymous_7)
FNDA:0,(anonymous_8)
FNDA:0,(anonymous_9)
FNDA:0,(anonymous_10)
DA:20,0
DA:25,0
DA:28,0
DA:29,0
DA:30,0
DA:32,0
DA:33,0
DA:35,0
DA:36,0
DA:37,0
DA:41,0
DA:44,0
DA:46,0
DA:50,0
DA:51,0
DA:53,0
DA:54,0
LF:17
LH:0
BRDA:32,0,0,0
BRDA:32,0,1,0
BRDA:32,1,0,0
BRDA:32,1,1,0
BRDA:33,2,0,0
BRDA:33,2,1,0
BRDA:37,3,0,0
BRDA:37,3,1,0
BRF:8
BRH:0
end_of_record
